TMS320C55x Assembler PC v4.3.8 Fri Jan 21 01:13:22 2011

Tools Copyright (c) 1996-2010 Texas Instruments Incorporated
i2s.asm                                                              PAGE    1

       1              ;*******************************************************************************
       2              ;* TMS320C55x C/C++ Codegen                                          PC v4.3.8 *
       3              ;* Date/Time created: Fri Jan 21 01:13:22 2011                                 *
       4              ;*******************************************************************************
       5                      .compiler_opts --hll_source=on --mem_model:code=flat --mem_model:data=huge --silicon_core_3_3 --symde
       6                      .mmregs
       7                      .cpl_on
       8                      .arms_on
       9                      .c54cm_off
      10                      .asg AR6, FP
      11                      .asg XAR6, XFP
      12                      .model call=c55_std
      13                      .model mem=huge
      14                      .noremark 5002  ; code respects overwrite rules
      15              ;*******************************************************************************
      16              ;* GLOBAL FILE PARAMETERS                                                      *
      17              ;*                                                                             *
      18              ;*   Architecture       : TMS320C55x                                           *
      19              ;*   Optimizing for     : Speed                                                *
      20              ;*   Memory             : Huge Model (23-Bit Data Pointers)                    *
      21              ;*   Calls              : Normal Library ASM calls                             *
      22              ;*   Debug Info         : Standard TI Debug Information                        *
      23              ;*******************************************************************************
      24              
      25              $C$DW$CU        .dwtag  DW_TAG_compile_unit
      26                      .dwattr $C$DW$CU, DW_AT_name("E:/temp/c5515_eZdsp_FreeRTOS_Demo/src/i2s.c")
      27                      .dwattr $C$DW$CU, DW_AT_producer("TMS320C55x C/C++ Codegen PC v4.3.8 Copyright (c) 1996-2010 Texas In
      28                      .dwattr $C$DW$CU, DW_AT_TI_version(0x01)
      29                      .dwattr $C$DW$CU, DW_AT_comp_dir("E:\temp\c5515_eZdsp_FreeRTOS_Demo\EZDSP_Sample\Debug")
      30              ;******************************************************************************
      31              ;* CINIT RECORDS                                                              *
      32              ;******************************************************************************
      33 000000               .sect   ".cinit"
      34                      .align  1
      35 000000 0001          .field          1,16
      36 000001 0000-         .field          _Buf_Address+0,24
         000002 6000 
      37 000002 6000          .field          0,8
      38 000003 0000          .field          0,16                    ; _Buf_Address @ 0
      39              
      40              
      41              $C$DW$1 .dwtag  DW_TAG_subprogram, DW_AT_name("i2s0_read_CR")
      42                      .dwattr $C$DW$1, DW_AT_TI_symbol_name("_i2s0_read_CR")
      43                      .dwattr $C$DW$1, DW_AT_type(*$C$DW$T$19)
      44                      .dwattr $C$DW$1, DW_AT_declaration
      45                      .dwattr $C$DW$1, DW_AT_external
      46                      .dwattr $C$DW$1, DW_AT_decl_file("E:/temp/c5515_eZdsp_FreeRTOS_Demo/inc/i2s.h")
      47                      .dwattr $C$DW$1, DW_AT_decl_line(0x21)
      48                      .dwattr $C$DW$1, DW_AT_decl_column(0x09)
      49              
      50              $C$DW$2 .dwtag  DW_TAG_subprogram, DW_AT_name("i2s0_write_CR")
      51                      .dwattr $C$DW$2, DW_AT_TI_symbol_name("_i2s0_write_CR")
      52                      .dwattr $C$DW$2, DW_AT_declaration
      53                      .dwattr $C$DW$2, DW_AT_external
      54                      .dwattr $C$DW$2, DW_AT_decl_file("E:/temp/c5515_eZdsp_FreeRTOS_Demo/inc/i2s.h")
TMS320C55x Assembler PC v4.3.8 Fri Jan 21 01:13:22 2011

Tools Copyright (c) 1996-2010 Texas Instruments Incorporated
i2s.asm                                                              PAGE    2

      55                      .dwattr $C$DW$2, DW_AT_decl_line(0x22)
      56                      .dwattr $C$DW$2, DW_AT_decl_column(0x06)
      57              $C$DW$3 .dwtag  DW_TAG_formal_parameter
      58                      .dwattr $C$DW$3, DW_AT_type(*$C$DW$T$19)
      59                      .dwendtag $C$DW$2
      60              
      61              
      62              $C$DW$4 .dwtag  DW_TAG_subprogram, DW_AT_name("i2s0_write_SRGR")
      63                      .dwattr $C$DW$4, DW_AT_TI_symbol_name("_i2s0_write_SRGR")
      64                      .dwattr $C$DW$4, DW_AT_declaration
      65                      .dwattr $C$DW$4, DW_AT_external
      66                      .dwattr $C$DW$4, DW_AT_decl_file("E:/temp/c5515_eZdsp_FreeRTOS_Demo/inc/i2s.h")
      67                      .dwattr $C$DW$4, DW_AT_decl_line(0x24)
      68                      .dwattr $C$DW$4, DW_AT_decl_column(0x06)
      69              $C$DW$5 .dwtag  DW_TAG_formal_parameter
      70                      .dwattr $C$DW$5, DW_AT_type(*$C$DW$T$19)
      71                      .dwendtag $C$DW$4
      72              
      73              
      74              $C$DW$6 .dwtag  DW_TAG_subprogram, DW_AT_name("i2s0_write_INT_MASK")
      75                      .dwattr $C$DW$6, DW_AT_TI_symbol_name("_i2s0_write_INT_MASK")
      76                      .dwattr $C$DW$6, DW_AT_declaration
      77                      .dwattr $C$DW$6, DW_AT_external
      78                      .dwattr $C$DW$6, DW_AT_decl_file("E:/temp/c5515_eZdsp_FreeRTOS_Demo/inc/i2s.h")
      79                      .dwattr $C$DW$6, DW_AT_decl_line(0x2f)
      80                      .dwattr $C$DW$6, DW_AT_decl_column(0x06)
      81              $C$DW$7 .dwtag  DW_TAG_formal_parameter
      82                      .dwattr $C$DW$7, DW_AT_type(*$C$DW$T$19)
      83                      .dwendtag $C$DW$6
      84              
      85              
      86              $C$DW$8 .dwtag  DW_TAG_subprogram, DW_AT_name("i2s2_read_CR")
      87                      .dwattr $C$DW$8, DW_AT_TI_symbol_name("_i2s2_read_CR")
      88                      .dwattr $C$DW$8, DW_AT_type(*$C$DW$T$19)
      89                      .dwattr $C$DW$8, DW_AT_declaration
      90                      .dwattr $C$DW$8, DW_AT_external
      91                      .dwattr $C$DW$8, DW_AT_decl_file("E:/temp/c5515_eZdsp_FreeRTOS_Demo/inc/i2s.h")
      92                      .dwattr $C$DW$8, DW_AT_decl_line(0x4f)
      93                      .dwattr $C$DW$8, DW_AT_decl_column(0x09)
      94              
      95              $C$DW$9 .dwtag  DW_TAG_subprogram, DW_AT_name("i2s2_write_CR")
      96                      .dwattr $C$DW$9, DW_AT_TI_symbol_name("_i2s2_write_CR")
      97                      .dwattr $C$DW$9, DW_AT_declaration
      98                      .dwattr $C$DW$9, DW_AT_external
      99                      .dwattr $C$DW$9, DW_AT_decl_file("E:/temp/c5515_eZdsp_FreeRTOS_Demo/inc/i2s.h")
     100                      .dwattr $C$DW$9, DW_AT_decl_line(0x50)
     101                      .dwattr $C$DW$9, DW_AT_decl_column(0x06)
     102              $C$DW$10        .dwtag  DW_TAG_formal_parameter
     103                      .dwattr $C$DW$10, DW_AT_type(*$C$DW$T$19)
     104                      .dwendtag $C$DW$9
     105              
     106              
     107              $C$DW$11        .dwtag  DW_TAG_subprogram, DW_AT_name("i2s2_write_SRGR")
     108                      .dwattr $C$DW$11, DW_AT_TI_symbol_name("_i2s2_write_SRGR")
     109                      .dwattr $C$DW$11, DW_AT_declaration
TMS320C55x Assembler PC v4.3.8 Fri Jan 21 01:13:22 2011

Tools Copyright (c) 1996-2010 Texas Instruments Incorporated
i2s.asm                                                              PAGE    3

     110                      .dwattr $C$DW$11, DW_AT_external
     111                      .dwattr $C$DW$11, DW_AT_decl_file("E:/temp/c5515_eZdsp_FreeRTOS_Demo/inc/i2s.h")
     112                      .dwattr $C$DW$11, DW_AT_decl_line(0x52)
     113                      .dwattr $C$DW$11, DW_AT_decl_column(0x06)
     114              $C$DW$12        .dwtag  DW_TAG_formal_parameter
     115                      .dwattr $C$DW$12, DW_AT_type(*$C$DW$T$19)
     116                      .dwendtag $C$DW$11
     117              
     118              
     119              $C$DW$13        .dwtag  DW_TAG_subprogram, DW_AT_name("i2s2_write_INT_MASK")
     120                      .dwattr $C$DW$13, DW_AT_TI_symbol_name("_i2s2_write_INT_MASK")
     121                      .dwattr $C$DW$13, DW_AT_declaration
     122                      .dwattr $C$DW$13, DW_AT_external
     123                      .dwattr $C$DW$13, DW_AT_decl_file("E:/temp/c5515_eZdsp_FreeRTOS_Demo/inc/i2s.h")
     124                      .dwattr $C$DW$13, DW_AT_decl_line(0x5d)
     125                      .dwattr $C$DW$13, DW_AT_decl_column(0x06)
     126              $C$DW$14        .dwtag  DW_TAG_formal_parameter
     127                      .dwattr $C$DW$14, DW_AT_type(*$C$DW$T$19)
     128                      .dwendtag $C$DW$13
     129              
     130                      .global _I2S_RCV_L
     131 000000               .bss    _I2S_RCV_L,48,0,0
     132              $C$DW$15        .dwtag  DW_TAG_variable, DW_AT_name("I2S_RCV_L")
     133                      .dwattr $C$DW$15, DW_AT_TI_symbol_name("_I2S_RCV_L")
     134                      .dwattr $C$DW$15, DW_AT_location[DW_OP_addr _I2S_RCV_L]
     135                      .dwattr $C$DW$15, DW_AT_type(*$C$DW$T$24)
     136                      .dwattr $C$DW$15, DW_AT_external
     137                      .dwattr $C$DW$15, DW_AT_decl_file("E:/temp/c5515_eZdsp_FreeRTOS_Demo/src/i2s.c")
     138                      .dwattr $C$DW$15, DW_AT_decl_line(0x32)
     139                      .dwattr $C$DW$15, DW_AT_decl_column(0x08)
     140                      .global _I2S_RCV_R
     141 000030               .bss    _I2S_RCV_R,48,0,0
     142              $C$DW$16        .dwtag  DW_TAG_variable, DW_AT_name("I2S_RCV_R")
     143                      .dwattr $C$DW$16, DW_AT_TI_symbol_name("_I2S_RCV_R")
     144                      .dwattr $C$DW$16, DW_AT_location[DW_OP_addr _I2S_RCV_R]
     145                      .dwattr $C$DW$16, DW_AT_type(*$C$DW$T$24)
     146                      .dwattr $C$DW$16, DW_AT_external
     147                      .dwattr $C$DW$16, DW_AT_decl_file("E:/temp/c5515_eZdsp_FreeRTOS_Demo/src/i2s.c")
     148                      .dwattr $C$DW$16, DW_AT_decl_line(0x33)
     149                      .dwattr $C$DW$16, DW_AT_decl_column(0x08)
     150                      .global _Buf_Address
     151 000060               .bss    _Buf_Address,1,0,0
     152              $C$DW$17        .dwtag  DW_TAG_variable, DW_AT_name("Buf_Address")
     153                      .dwattr $C$DW$17, DW_AT_TI_symbol_name("_Buf_Address")
     154                      .dwattr $C$DW$17, DW_AT_location[DW_OP_addr _Buf_Address]
     155                      .dwattr $C$DW$17, DW_AT_type(*$C$DW$T$19)
     156                      .dwattr $C$DW$17, DW_AT_external
     157                      .dwattr $C$DW$17, DW_AT_decl_file("E:/temp/c5515_eZdsp_FreeRTOS_Demo/src/i2s.c")
     158                      .dwattr $C$DW$17, DW_AT_decl_line(0x34)
     159                      .dwattr $C$DW$17, DW_AT_decl_column(0x08)
     160              ;       C:\Texas Instruments Tools\ccsv4\tools\compiler\C5500 Code Generation Tools 4.3.8\bin\opt55.exe C:\\U
     161 000000               .sect   ".text"
     162                      .global _set_i2s2_master
     163              
     164              $C$DW$18        .dwtag  DW_TAG_subprogram, DW_AT_name("set_i2s2_master")
TMS320C55x Assembler PC v4.3.8 Fri Jan 21 01:13:22 2011

Tools Copyright (c) 1996-2010 Texas Instruments Incorporated
i2s.asm                                                              PAGE    4

     165                      .dwattr $C$DW$18, DW_AT_low_pc(_set_i2s2_master)
     166                      .dwattr $C$DW$18, DW_AT_high_pc(0x00)
     167                      .dwattr $C$DW$18, DW_AT_TI_symbol_name("_set_i2s2_master")
     168                      .dwattr $C$DW$18, DW_AT_external
     169                      .dwattr $C$DW$18, DW_AT_type(*$C$DW$T$19)
     170                      .dwattr $C$DW$18, DW_AT_TI_begin_file("E:/temp/c5515_eZdsp_FreeRTOS_Demo/src/i2s.c")
     171                      .dwattr $C$DW$18, DW_AT_TI_begin_line(0x37)
     172                      .dwattr $C$DW$18, DW_AT_TI_begin_column(0x08)
     173                      .dwattr $C$DW$18, DW_AT_decl_file("E:/temp/c5515_eZdsp_FreeRTOS_Demo/src/i2s.c")
     174                      .dwattr $C$DW$18, DW_AT_decl_line(0x37)
     175                      .dwattr $C$DW$18, DW_AT_decl_column(0x08)
     176                      .dwattr $C$DW$18, DW_AT_TI_max_frame_size(0x02)
     177                      .dwpsn  file "E:/temp/c5515_eZdsp_FreeRTOS_Demo/src/i2s.c",line 56,column 1,is_stmt,address _set_i2s2
     178              
     179                      .dwfde $C$DW$CIE, _set_i2s2_master
     180              ;*******************************************************************************
     181              ;* FUNCTION NAME: set_i2s2_master                                              *
     182              ;*                                                                             *
     183              ;*   Function Uses Regs : T0,SP,M40,SATA,SATD,RDM,FRCT,SMUL                    *
     184              ;*   Stack Frame        : Compact (No Frame Pointer, w/ debug)                 *
     185              ;*   Total Frame Size   : 2 words                                              *
     186              ;*                        (2 return address/alignment)                         *
     187              ;*   Min System Stack   : 1 word                                               *
     188              ;*******************************************************************************
     189              
     190              ;*******************************************************************************
     191              ;*                                                                             *
     192              ;* Using -g (debug) with optimization (-o0) may disable key optimizations!     *
     193              ;*                                                                             *
     194              ;*******************************************************************************
     195 000000       _set_i2s2_master:
     196              ;** 61  -----------------------    i2s2_write_CR(temp = 146u);
     197              ;** 62  -----------------------    i2s2_read_CR();
     198              ;** 66  -----------------------    i2s2_write_SRGR(temp = 21u);
     199              ;** 69  -----------------------    i2s2_write_INT_MASK(0u);
     200              ;** 80  -----------------------    return 0u;
     201                      .dwcfi  cfa_offset, 1
     202                      .dwcfi  save_reg_to_mem, 91, -1
     203 000000 4EFF          SP = SP + #-1
     204                      .dwcfi  cfa_offset, 2
     205              ;* T0    assigned to _temp
     206              $C$DW$19        .dwtag  DW_TAG_variable, DW_AT_name("temp")
     207                      .dwattr $C$DW$19, DW_AT_TI_symbol_name("_temp")
     208                      .dwattr $C$DW$19, DW_AT_type(*$C$DW$T$19)
     209                      .dwattr $C$DW$19, DW_AT_location[DW_OP_reg12]
     210                      .dwpsn  file "E:/temp/c5515_eZdsp_FreeRTOS_Demo/src/i2s.c",line 61,column 5,is_stmt
     211 000002 7600          T0 = #146 ; |61| 
         000004 9248 
     212              $C$DW$20        .dwtag  DW_TAG_TI_branch
     213                      .dwattr $C$DW$20, DW_AT_low_pc(0x00)
     214                      .dwattr $C$DW$20, DW_AT_name("_i2s2_write_CR")
     215                      .dwattr $C$DW$20, DW_AT_TI_call
     216 000006 6C00          call #_i2s2_write_CR ; |61| 
         000008 0000!
     217                                                      ; call occurs [#_i2s2_write_CR] ; |61| 
TMS320C55x Assembler PC v4.3.8 Fri Jan 21 01:13:22 2011

Tools Copyright (c) 1996-2010 Texas Instruments Incorporated
i2s.asm                                                              PAGE    5

     218                      .dwpsn  file "E:/temp/c5515_eZdsp_FreeRTOS_Demo/src/i2s.c",line 62,column 5,is_stmt
     219              $C$DW$21        .dwtag  DW_TAG_TI_branch
     220                      .dwattr $C$DW$21, DW_AT_low_pc(0x00)
     221                      .dwattr $C$DW$21, DW_AT_name("_i2s2_read_CR")
     222                      .dwattr $C$DW$21, DW_AT_TI_call
     223 00000a 6C00          call #_i2s2_read_CR ; |62| 
         00000c 0000!
     224                                                      ; call occurs [#_i2s2_read_CR] ; |62| 
     225                      .dwpsn  file "E:/temp/c5515_eZdsp_FreeRTOS_Demo/src/i2s.c",line 66,column 5,is_stmt
     226 00000e 7600          T0 = #21  ; |66| 
         000010 1548 
     227              $C$DW$22        .dwtag  DW_TAG_TI_branch
     228                      .dwattr $C$DW$22, DW_AT_low_pc(0x00)
     229                      .dwattr $C$DW$22, DW_AT_name("_i2s2_write_SRGR")
     230                      .dwattr $C$DW$22, DW_AT_TI_call
     231 000012 6C00          call #_i2s2_write_SRGR ; |66| 
         000014 0000!
     232                                                      ; call occurs [#_i2s2_write_SRGR] ; |66| 
     233                      .dwpsn  file "E:/temp/c5515_eZdsp_FreeRTOS_Demo/src/i2s.c",line 69,column 5,is_stmt
     234              $C$DW$23        .dwtag  DW_TAG_TI_branch
     235                      .dwattr $C$DW$23, DW_AT_low_pc(0x00)
     236                      .dwattr $C$DW$23, DW_AT_name("_i2s2_write_INT_MASK")
     237                      .dwattr $C$DW$23, DW_AT_TI_call
     238              
     239 000016 6C00          call #_i2s2_write_INT_MASK ; |69| 
         000018 0000!
     240 00001a 3D04  ||      T0 = #0
     241              
     242                                                      ; call occurs [#_i2s2_write_INT_MASK] ; |69| 
     243                      .dwpsn  file "E:/temp/c5515_eZdsp_FreeRTOS_Demo/src/i2s.c",line 80,column 5,is_stmt
     244 00001c 3C04          T0 = #0
     245                      .dwpsn  file "E:/temp/c5515_eZdsp_FreeRTOS_Demo/src/i2s.c",line 81,column 1,is_stmt
     246 00001e 4E01          SP = SP + #1
     247                      .dwcfi  cfa_offset, 1
     248              $C$DW$24        .dwtag  DW_TAG_TI_branch
     249                      .dwattr $C$DW$24, DW_AT_low_pc(0x00)
     250                      .dwattr $C$DW$24, DW_AT_TI_return
     251 000020 4804          return
     252                                                      ; return occurs
     253                      .dwattr $C$DW$18, DW_AT_TI_end_file("E:/temp/c5515_eZdsp_FreeRTOS_Demo/src/i2s.c")
     254                      .dwattr $C$DW$18, DW_AT_TI_end_line(0x51)
     255                      .dwattr $C$DW$18, DW_AT_TI_end_column(0x01)
     256                      .dwendentry
     257                      .dwendtag $C$DW$18
     258              
     259 000022               .sect   ".text"
     260                      .global _set_i2s0_master
     261              
     262              $C$DW$25        .dwtag  DW_TAG_subprogram, DW_AT_name("set_i2s0_master")
     263                      .dwattr $C$DW$25, DW_AT_low_pc(_set_i2s0_master)
     264                      .dwattr $C$DW$25, DW_AT_high_pc(0x00)
     265                      .dwattr $C$DW$25, DW_AT_TI_symbol_name("_set_i2s0_master")
     266                      .dwattr $C$DW$25, DW_AT_external
     267                      .dwattr $C$DW$25, DW_AT_type(*$C$DW$T$19)
     268                      .dwattr $C$DW$25, DW_AT_TI_begin_file("E:/temp/c5515_eZdsp_FreeRTOS_Demo/src/i2s.c")
TMS320C55x Assembler PC v4.3.8 Fri Jan 21 01:13:22 2011

Tools Copyright (c) 1996-2010 Texas Instruments Incorporated
i2s.asm                                                              PAGE    6

     269                      .dwattr $C$DW$25, DW_AT_TI_begin_line(0x56)
     270                      .dwattr $C$DW$25, DW_AT_TI_begin_column(0x08)
     271                      .dwattr $C$DW$25, DW_AT_decl_file("E:/temp/c5515_eZdsp_FreeRTOS_Demo/src/i2s.c")
     272                      .dwattr $C$DW$25, DW_AT_decl_line(0x56)
     273                      .dwattr $C$DW$25, DW_AT_decl_column(0x08)
     274                      .dwattr $C$DW$25, DW_AT_TI_max_frame_size(0x02)
     275                      .dwpsn  file "E:/temp/c5515_eZdsp_FreeRTOS_Demo/src/i2s.c",line 87,column 1,is_stmt,address _set_i2s0
     276              
     277                      .dwfde $C$DW$CIE, _set_i2s0_master
     278              ;*******************************************************************************
     279              ;* FUNCTION NAME: set_i2s0_master                                              *
     280              ;*                                                                             *
     281              ;*   Function Uses Regs : T0,SP,M40,SATA,SATD,RDM,FRCT,SMUL                    *
     282              ;*   Stack Frame        : Compact (No Frame Pointer, w/ debug)                 *
     283              ;*   Total Frame Size   : 2 words                                              *
     284              ;*                        (2 return address/alignment)                         *
     285              ;*   Min System Stack   : 1 word                                               *
     286              ;*******************************************************************************
     287              
     288              ;*******************************************************************************
     289              ;*                                                                             *
     290              ;* Using -g (debug) with optimization (-o0) may disable key optimizations!     *
     291              ;*                                                                             *
     292              ;*******************************************************************************
     293 000022       _set_i2s0_master:
     294              ;** 92  -----------------------    i2s0_write_CR(temp = 146u);
     295              ;** 93  -----------------------    i2s0_read_CR();
     296              ;** 97  -----------------------    i2s0_write_SRGR(temp = 21u);
     297              ;** 100 -----------------------    i2s0_write_INT_MASK(0u);
     298              ;** 111 -----------------------    return 0u;
     299                      .dwcfi  cfa_offset, 1
     300                      .dwcfi  save_reg_to_mem, 91, -1
     301 000022 4EFF          SP = SP + #-1
     302                      .dwcfi  cfa_offset, 2
     303              ;* T0    assigned to _temp
     304              $C$DW$26        .dwtag  DW_TAG_variable, DW_AT_name("temp")
     305                      .dwattr $C$DW$26, DW_AT_TI_symbol_name("_temp")
     306                      .dwattr $C$DW$26, DW_AT_type(*$C$DW$T$19)
     307                      .dwattr $C$DW$26, DW_AT_location[DW_OP_reg12]
     308                      .dwpsn  file "E:/temp/c5515_eZdsp_FreeRTOS_Demo/src/i2s.c",line 92,column 5,is_stmt
     309 000024 7600          T0 = #146 ; |92| 
         000026 9248 
     310              $C$DW$27        .dwtag  DW_TAG_TI_branch
     311                      .dwattr $C$DW$27, DW_AT_low_pc(0x00)
     312                      .dwattr $C$DW$27, DW_AT_name("_i2s0_write_CR")
     313                      .dwattr $C$DW$27, DW_AT_TI_call
     314 000028 6C00          call #_i2s0_write_CR ; |92| 
         00002a 0000!
     315                                                      ; call occurs [#_i2s0_write_CR] ; |92| 
     316                      .dwpsn  file "E:/temp/c5515_eZdsp_FreeRTOS_Demo/src/i2s.c",line 93,column 5,is_stmt
     317              $C$DW$28        .dwtag  DW_TAG_TI_branch
     318                      .dwattr $C$DW$28, DW_AT_low_pc(0x00)
     319                      .dwattr $C$DW$28, DW_AT_name("_i2s0_read_CR")
     320                      .dwattr $C$DW$28, DW_AT_TI_call
     321 00002c 6C00          call #_i2s0_read_CR ; |93| 
TMS320C55x Assembler PC v4.3.8 Fri Jan 21 01:13:22 2011

Tools Copyright (c) 1996-2010 Texas Instruments Incorporated
i2s.asm                                                              PAGE    7

         00002e 0000!
     322                                                      ; call occurs [#_i2s0_read_CR] ; |93| 
     323                      .dwpsn  file "E:/temp/c5515_eZdsp_FreeRTOS_Demo/src/i2s.c",line 97,column 5,is_stmt
     324 000030 7600          T0 = #21  ; |97| 
         000032 1548 
     325              $C$DW$29        .dwtag  DW_TAG_TI_branch
     326                      .dwattr $C$DW$29, DW_AT_low_pc(0x00)
     327                      .dwattr $C$DW$29, DW_AT_name("_i2s0_write_SRGR")
     328                      .dwattr $C$DW$29, DW_AT_TI_call
     329 000034 6C00          call #_i2s0_write_SRGR ; |97| 
         000036 0000!
     330                                                      ; call occurs [#_i2s0_write_SRGR] ; |97| 
     331                      .dwpsn  file "E:/temp/c5515_eZdsp_FreeRTOS_Demo/src/i2s.c",line 100,column 5,is_stmt
     332              $C$DW$30        .dwtag  DW_TAG_TI_branch
     333                      .dwattr $C$DW$30, DW_AT_low_pc(0x00)
     334                      .dwattr $C$DW$30, DW_AT_name("_i2s0_write_INT_MASK")
     335                      .dwattr $C$DW$30, DW_AT_TI_call
     336              
     337 000038 6C00          call #_i2s0_write_INT_MASK ; |100| 
         00003a 0000!
     338 00003c 3D04  ||      T0 = #0
     339              
     340                                                      ; call occurs [#_i2s0_write_INT_MASK] ; |100| 
     341                      .dwpsn  file "E:/temp/c5515_eZdsp_FreeRTOS_Demo/src/i2s.c",line 111,column 5,is_stmt
     342 00003e 3C04          T0 = #0
     343                      .dwpsn  file "E:/temp/c5515_eZdsp_FreeRTOS_Demo/src/i2s.c",line 112,column 1,is_stmt
     344 000040 4E01          SP = SP + #1
     345                      .dwcfi  cfa_offset, 1
     346              $C$DW$31        .dwtag  DW_TAG_TI_branch
     347                      .dwattr $C$DW$31, DW_AT_low_pc(0x00)
     348                      .dwattr $C$DW$31, DW_AT_TI_return
     349 000042 4804          return
     350                                                      ; return occurs
     351                      .dwattr $C$DW$25, DW_AT_TI_end_file("E:/temp/c5515_eZdsp_FreeRTOS_Demo/src/i2s.c")
     352                      .dwattr $C$DW$25, DW_AT_TI_end_line(0x70)
     353                      .dwattr $C$DW$25, DW_AT_TI_end_column(0x01)
     354                      .dwendentry
     355                      .dwendtag $C$DW$25
     356              
     357 000044               .sect   ".text"
     358                      .global _set_i2s0_slave
     359              
     360              $C$DW$32        .dwtag  DW_TAG_subprogram, DW_AT_name("set_i2s0_slave")
     361                      .dwattr $C$DW$32, DW_AT_low_pc(_set_i2s0_slave)
     362                      .dwattr $C$DW$32, DW_AT_high_pc(0x00)
     363                      .dwattr $C$DW$32, DW_AT_TI_symbol_name("_set_i2s0_slave")
     364                      .dwattr $C$DW$32, DW_AT_external
     365                      .dwattr $C$DW$32, DW_AT_type(*$C$DW$T$19)
     366                      .dwattr $C$DW$32, DW_AT_TI_begin_file("E:/temp/c5515_eZdsp_FreeRTOS_Demo/src/i2s.c")
     367                      .dwattr $C$DW$32, DW_AT_TI_begin_line(0x72)
     368                      .dwattr $C$DW$32, DW_AT_TI_begin_column(0x08)
     369                      .dwattr $C$DW$32, DW_AT_decl_file("E:/temp/c5515_eZdsp_FreeRTOS_Demo/src/i2s.c")
     370                      .dwattr $C$DW$32, DW_AT_decl_line(0x72)
     371                      .dwattr $C$DW$32, DW_AT_decl_column(0x08)
     372                      .dwattr $C$DW$32, DW_AT_TI_max_frame_size(0x02)
TMS320C55x Assembler PC v4.3.8 Fri Jan 21 01:13:22 2011

Tools Copyright (c) 1996-2010 Texas Instruments Incorporated
i2s.asm                                                              PAGE    8

     373                      .dwpsn  file "E:/temp/c5515_eZdsp_FreeRTOS_Demo/src/i2s.c",line 115,column 1,is_stmt,address _set_i2s
     374              
     375                      .dwfde $C$DW$CIE, _set_i2s0_slave
     376              ;*******************************************************************************
     377              ;* FUNCTION NAME: set_i2s0_slave                                               *
     378              ;*                                                                             *
     379              ;*   Function Uses Regs : T0,SP,M40,SATA,SATD,RDM,FRCT,SMUL                    *
     380              ;*   Stack Frame        : Compact (No Frame Pointer, w/ debug)                 *
     381              ;*   Total Frame Size   : 2 words                                              *
     382              ;*                        (2 return address/alignment)                         *
     383              ;*   Min System Stack   : 1 word                                               *
     384              ;*******************************************************************************
     385              
     386              ;*******************************************************************************
     387              ;*                                                                             *
     388              ;* Using -g (debug) with optimization (-o0) may disable key optimizations!     *
     389              ;*                                                                             *
     390              ;*******************************************************************************
     391 000044       _set_i2s0_slave:
     392              ;** 120 -----------------------    i2s0_write_CR(temp = 144u);
     393              ;** 121 -----------------------    i2s0_read_CR();
     394              ;** 124 -----------------------    i2s0_write_INT_MASK(0u);
     395              ;** 135 -----------------------    return 0u;
     396                      .dwcfi  cfa_offset, 1
     397                      .dwcfi  save_reg_to_mem, 91, -1
     398 000044 4EFF          SP = SP + #-1
     399                      .dwcfi  cfa_offset, 2
     400              ;* T0    assigned to _temp
     401              $C$DW$33        .dwtag  DW_TAG_variable, DW_AT_name("temp")
     402                      .dwattr $C$DW$33, DW_AT_TI_symbol_name("_temp")
     403                      .dwattr $C$DW$33, DW_AT_type(*$C$DW$T$19)
     404                      .dwattr $C$DW$33, DW_AT_location[DW_OP_reg12]
     405                      .dwpsn  file "E:/temp/c5515_eZdsp_FreeRTOS_Demo/src/i2s.c",line 120,column 5,is_stmt
     406 000046 7600          T0 = #144 ; |120| 
         000048 9048 
     407              $C$DW$34        .dwtag  DW_TAG_TI_branch
     408                      .dwattr $C$DW$34, DW_AT_low_pc(0x00)
     409                      .dwattr $C$DW$34, DW_AT_name("_i2s0_write_CR")
     410                      .dwattr $C$DW$34, DW_AT_TI_call
     411 00004a 6C00          call #_i2s0_write_CR ; |120| 
         00004c 0000!
     412                                                      ; call occurs [#_i2s0_write_CR] ; |120| 
     413                      .dwpsn  file "E:/temp/c5515_eZdsp_FreeRTOS_Demo/src/i2s.c",line 121,column 5,is_stmt
     414              $C$DW$35        .dwtag  DW_TAG_TI_branch
     415                      .dwattr $C$DW$35, DW_AT_low_pc(0x00)
     416                      .dwattr $C$DW$35, DW_AT_name("_i2s0_read_CR")
     417                      .dwattr $C$DW$35, DW_AT_TI_call
     418 00004e 6C00          call #_i2s0_read_CR ; |121| 
         000050 0000!
     419                                                      ; call occurs [#_i2s0_read_CR] ; |121| 
     420                      .dwpsn  file "E:/temp/c5515_eZdsp_FreeRTOS_Demo/src/i2s.c",line 124,column 5,is_stmt
     421              $C$DW$36        .dwtag  DW_TAG_TI_branch
     422                      .dwattr $C$DW$36, DW_AT_low_pc(0x00)
     423                      .dwattr $C$DW$36, DW_AT_name("_i2s0_write_INT_MASK")
     424                      .dwattr $C$DW$36, DW_AT_TI_call
TMS320C55x Assembler PC v4.3.8 Fri Jan 21 01:13:22 2011

Tools Copyright (c) 1996-2010 Texas Instruments Incorporated
i2s.asm                                                              PAGE    9

     425              
     426 000052 6C00          call #_i2s0_write_INT_MASK ; |124| 
         000054 0000!
     427 000056 3D04  ||      T0 = #0
     428              
     429                                                      ; call occurs [#_i2s0_write_INT_MASK] ; |124| 
     430                      .dwpsn  file "E:/temp/c5515_eZdsp_FreeRTOS_Demo/src/i2s.c",line 135,column 5,is_stmt
     431 000058 3C04          T0 = #0
     432                      .dwpsn  file "E:/temp/c5515_eZdsp_FreeRTOS_Demo/src/i2s.c",line 136,column 1,is_stmt
     433 00005a 4E01          SP = SP + #1
     434                      .dwcfi  cfa_offset, 1
     435              $C$DW$37        .dwtag  DW_TAG_TI_branch
     436                      .dwattr $C$DW$37, DW_AT_low_pc(0x00)
     437                      .dwattr $C$DW$37, DW_AT_TI_return
     438 00005c 4804          return
     439                                                      ; return occurs
     440                      .dwattr $C$DW$32, DW_AT_TI_end_file("E:/temp/c5515_eZdsp_FreeRTOS_Demo/src/i2s.c")
     441                      .dwattr $C$DW$32, DW_AT_TI_end_line(0x88)
     442                      .dwattr $C$DW$32, DW_AT_TI_end_column(0x01)
     443                      .dwendentry
     444                      .dwendtag $C$DW$32
     445              
     446              ;******************************************************************************
     447              ;* UNDEFINED EXTERNAL REFERENCES                                              *
     448              ;******************************************************************************
     449                      .global _i2s0_read_CR
     450                      .global _i2s0_write_CR
     451                      .global _i2s0_write_SRGR
     452                      .global _i2s0_write_INT_MASK
     453                      .global _i2s2_read_CR
     454                      .global _i2s2_write_CR
     455                      .global _i2s2_write_SRGR
     456                      .global _i2s2_write_INT_MASK
     457              
     458              ;*******************************************************************************
     459              ;* TYPE INFORMATION                                                            *
     460              ;*******************************************************************************
     461              $C$DW$T$4       .dwtag  DW_TAG_base_type
     462                      .dwattr $C$DW$T$4, DW_AT_encoding(DW_ATE_boolean)
     463                      .dwattr $C$DW$T$4, DW_AT_name("bool")
     464                      .dwattr $C$DW$T$4, DW_AT_byte_size(0x01)
     465              $C$DW$T$5       .dwtag  DW_TAG_base_type
     466                      .dwattr $C$DW$T$5, DW_AT_encoding(DW_ATE_signed_char)
     467                      .dwattr $C$DW$T$5, DW_AT_name("signed char")
     468                      .dwattr $C$DW$T$5, DW_AT_byte_size(0x01)
     469              $C$DW$T$6       .dwtag  DW_TAG_base_type
     470                      .dwattr $C$DW$T$6, DW_AT_encoding(DW_ATE_unsigned_char)
     471                      .dwattr $C$DW$T$6, DW_AT_name("unsigned char")
     472                      .dwattr $C$DW$T$6, DW_AT_byte_size(0x01)
     473              $C$DW$T$7       .dwtag  DW_TAG_base_type
     474                      .dwattr $C$DW$T$7, DW_AT_encoding(DW_ATE_signed_char)
     475                      .dwattr $C$DW$T$7, DW_AT_name("wchar_t")
     476                      .dwattr $C$DW$T$7, DW_AT_byte_size(0x01)
     477              $C$DW$T$8       .dwtag  DW_TAG_base_type
     478                      .dwattr $C$DW$T$8, DW_AT_encoding(DW_ATE_signed)
TMS320C55x Assembler PC v4.3.8 Fri Jan 21 01:13:22 2011

Tools Copyright (c) 1996-2010 Texas Instruments Incorporated
i2s.asm                                                              PAGE   10

     479                      .dwattr $C$DW$T$8, DW_AT_name("short")
     480                      .dwattr $C$DW$T$8, DW_AT_byte_size(0x01)
     481              $C$DW$T$22      .dwtag  DW_TAG_typedef, DW_AT_name("Int16")
     482                      .dwattr $C$DW$T$22, DW_AT_type(*$C$DW$T$8)
     483                      .dwattr $C$DW$T$22, DW_AT_language(DW_LANG_C)
     484                      .dwattr $C$DW$T$22, DW_AT_decl_file("E:/temp/c5515_eZdsp_FreeRTOS_Demo/inc/data_types.h")
     485                      .dwattr $C$DW$T$22, DW_AT_decl_line(0x14)
     486                      .dwattr $C$DW$T$22, DW_AT_decl_column(0x1d)
     487              $C$DW$T$9       .dwtag  DW_TAG_base_type
     488                      .dwattr $C$DW$T$9, DW_AT_encoding(DW_ATE_unsigned)
     489                      .dwattr $C$DW$T$9, DW_AT_name("unsigned short")
     490                      .dwattr $C$DW$T$9, DW_AT_byte_size(0x01)
     491              $C$DW$T$19      .dwtag  DW_TAG_typedef, DW_AT_name("Uint16")
     492                      .dwattr $C$DW$T$19, DW_AT_type(*$C$DW$T$9)
     493                      .dwattr $C$DW$T$19, DW_AT_language(DW_LANG_C)
     494                      .dwattr $C$DW$T$19, DW_AT_decl_file("E:/temp/c5515_eZdsp_FreeRTOS_Demo/inc/data_types.h")
     495                      .dwattr $C$DW$T$19, DW_AT_decl_line(0x17)
     496                      .dwattr $C$DW$T$19, DW_AT_decl_column(0x1d)
     497              
     498              $C$DW$T$24      .dwtag  DW_TAG_array_type
     499                      .dwattr $C$DW$T$24, DW_AT_type(*$C$DW$T$19)
     500                      .dwattr $C$DW$T$24, DW_AT_language(DW_LANG_C)
     501                      .dwattr $C$DW$T$24, DW_AT_byte_size(0x30)
     502              $C$DW$38        .dwtag  DW_TAG_subrange_type
     503                      .dwattr $C$DW$38, DW_AT_upper_bound(0x2f)
     504                      .dwendtag $C$DW$T$24
     505              
     506              $C$DW$T$10      .dwtag  DW_TAG_base_type
     507                      .dwattr $C$DW$T$10, DW_AT_encoding(DW_ATE_signed)
     508                      .dwattr $C$DW$T$10, DW_AT_name("int")
     509                      .dwattr $C$DW$T$10, DW_AT_byte_size(0x01)
     510              $C$DW$T$11      .dwtag  DW_TAG_base_type
     511                      .dwattr $C$DW$T$11, DW_AT_encoding(DW_ATE_unsigned)
     512                      .dwattr $C$DW$T$11, DW_AT_name("unsigned int")
     513                      .dwattr $C$DW$T$11, DW_AT_byte_size(0x01)
     514              $C$DW$T$12      .dwtag  DW_TAG_base_type
     515                      .dwattr $C$DW$T$12, DW_AT_encoding(DW_ATE_signed)
     516                      .dwattr $C$DW$T$12, DW_AT_name("long")
     517                      .dwattr $C$DW$T$12, DW_AT_byte_size(0x02)
     518              $C$DW$T$27      .dwtag  DW_TAG_typedef, DW_AT_name("Int32")
     519                      .dwattr $C$DW$T$27, DW_AT_type(*$C$DW$T$12)
     520                      .dwattr $C$DW$T$27, DW_AT_language(DW_LANG_C)
     521                      .dwattr $C$DW$T$27, DW_AT_decl_file("E:/temp/c5515_eZdsp_FreeRTOS_Demo/inc/data_types.h")
     522                      .dwattr $C$DW$T$27, DW_AT_decl_line(0x15)
     523                      .dwattr $C$DW$T$27, DW_AT_decl_column(0x1d)
     524              $C$DW$T$13      .dwtag  DW_TAG_base_type
     525                      .dwattr $C$DW$T$13, DW_AT_encoding(DW_ATE_unsigned)
     526                      .dwattr $C$DW$T$13, DW_AT_name("unsigned long")
     527                      .dwattr $C$DW$T$13, DW_AT_byte_size(0x02)
     528              $C$DW$T$28      .dwtag  DW_TAG_typedef, DW_AT_name("Uint32")
     529                      .dwattr $C$DW$T$28, DW_AT_type(*$C$DW$T$13)
     530                      .dwattr $C$DW$T$28, DW_AT_language(DW_LANG_C)
     531                      .dwattr $C$DW$T$28, DW_AT_decl_file("E:/temp/c5515_eZdsp_FreeRTOS_Demo/inc/data_types.h")
     532                      .dwattr $C$DW$T$28, DW_AT_decl_line(0x18)
     533                      .dwattr $C$DW$T$28, DW_AT_decl_column(0x1d)
TMS320C55x Assembler PC v4.3.8 Fri Jan 21 01:13:22 2011

Tools Copyright (c) 1996-2010 Texas Instruments Incorporated
i2s.asm                                                              PAGE   11

     534              $C$DW$T$14      .dwtag  DW_TAG_base_type
     535                      .dwattr $C$DW$T$14, DW_AT_encoding(DW_ATE_signed)
     536                      .dwattr $C$DW$T$14, DW_AT_name("long long")
     537                      .dwattr $C$DW$T$14, DW_AT_byte_size(0x04)
     538                      .dwattr $C$DW$T$14, DW_AT_bit_size(0x28)
     539                      .dwattr $C$DW$T$14, DW_AT_bit_offset(0x18)
     540              $C$DW$T$29      .dwtag  DW_TAG_typedef, DW_AT_name("Int40")
     541                      .dwattr $C$DW$T$29, DW_AT_type(*$C$DW$T$14)
     542                      .dwattr $C$DW$T$29, DW_AT_language(DW_LANG_C)
     543                      .dwattr $C$DW$T$29, DW_AT_decl_file("E:/temp/c5515_eZdsp_FreeRTOS_Demo/inc/data_types.h")
     544                      .dwattr $C$DW$T$29, DW_AT_decl_line(0x16)
     545                      .dwattr $C$DW$T$29, DW_AT_decl_column(0x1d)
     546              $C$DW$T$15      .dwtag  DW_TAG_base_type
     547                      .dwattr $C$DW$T$15, DW_AT_encoding(DW_ATE_unsigned)
     548                      .dwattr $C$DW$T$15, DW_AT_name("unsigned long long")
     549                      .dwattr $C$DW$T$15, DW_AT_byte_size(0x04)
     550                      .dwattr $C$DW$T$15, DW_AT_bit_size(0x28)
     551                      .dwattr $C$DW$T$15, DW_AT_bit_offset(0x18)
     552              $C$DW$T$30      .dwtag  DW_TAG_typedef, DW_AT_name("Uint40")
     553                      .dwattr $C$DW$T$30, DW_AT_type(*$C$DW$T$15)
     554                      .dwattr $C$DW$T$30, DW_AT_language(DW_LANG_C)
     555                      .dwattr $C$DW$T$30, DW_AT_decl_file("E:/temp/c5515_eZdsp_FreeRTOS_Demo/inc/data_types.h")
     556                      .dwattr $C$DW$T$30, DW_AT_decl_line(0x19)
     557                      .dwattr $C$DW$T$30, DW_AT_decl_column(0x1d)
     558              $C$DW$T$16      .dwtag  DW_TAG_base_type
     559                      .dwattr $C$DW$T$16, DW_AT_encoding(DW_ATE_float)
     560                      .dwattr $C$DW$T$16, DW_AT_name("float")
     561                      .dwattr $C$DW$T$16, DW_AT_byte_size(0x02)
     562              $C$DW$T$31      .dwtag  DW_TAG_typedef, DW_AT_name("Float32")
     563                      .dwattr $C$DW$T$31, DW_AT_type(*$C$DW$T$16)
     564                      .dwattr $C$DW$T$31, DW_AT_language(DW_LANG_C)
     565                      .dwattr $C$DW$T$31, DW_AT_decl_file("E:/temp/c5515_eZdsp_FreeRTOS_Demo/inc/data_types.h")
     566                      .dwattr $C$DW$T$31, DW_AT_decl_line(0x1a)
     567                      .dwattr $C$DW$T$31, DW_AT_decl_column(0x1d)
     568              $C$DW$T$17      .dwtag  DW_TAG_base_type
     569                      .dwattr $C$DW$T$17, DW_AT_encoding(DW_ATE_float)
     570                      .dwattr $C$DW$T$17, DW_AT_name("double")
     571                      .dwattr $C$DW$T$17, DW_AT_byte_size(0x02)
     572              $C$DW$T$18      .dwtag  DW_TAG_base_type
     573                      .dwattr $C$DW$T$18, DW_AT_encoding(DW_ATE_float)
     574                      .dwattr $C$DW$T$18, DW_AT_name("long double")
     575                      .dwattr $C$DW$T$18, DW_AT_byte_size(0x02)
     576                      .dwattr $C$DW$CU, DW_AT_language(DW_LANG_C)
     577              
     578              ;***************************************************************
     579              ;* DWARF CIE ENTRIES                                           *
     580              ;***************************************************************
     581              
     582              $C$DW$CIE       .dwcie 91
     583                      .dwcfi  cfa_register, 36
     584                      .dwcfi  cfa_offset, 0
     585                      .dwcfi  undefined, 0
     586                      .dwcfi  undefined, 1
     587                      .dwcfi  undefined, 2
     588                      .dwcfi  undefined, 3
TMS320C55x Assembler PC v4.3.8 Fri Jan 21 01:13:22 2011

Tools Copyright (c) 1996-2010 Texas Instruments Incorporated
i2s.asm                                                              PAGE   12

     589                      .dwcfi  undefined, 4
     590                      .dwcfi  undefined, 5
     591                      .dwcfi  undefined, 6
     592                      .dwcfi  undefined, 7
     593                      .dwcfi  undefined, 8
     594                      .dwcfi  undefined, 9
     595                      .dwcfi  undefined, 10
     596                      .dwcfi  undefined, 11
     597                      .dwcfi  undefined, 12
     598                      .dwcfi  undefined, 13
     599                      .dwcfi  same_value, 14
     600                      .dwcfi  same_value, 15
     601                      .dwcfi  undefined, 16
     602                      .dwcfi  undefined, 17
     603                      .dwcfi  undefined, 18
     604                      .dwcfi  undefined, 19
     605                      .dwcfi  undefined, 20
     606                      .dwcfi  undefined, 21
     607                      .dwcfi  undefined, 22
     608                      .dwcfi  undefined, 23
     609                      .dwcfi  undefined, 24
     610                      .dwcfi  undefined, 25
     611                      .dwcfi  same_value, 26
     612                      .dwcfi  same_value, 27
     613                      .dwcfi  same_value, 28
     614                      .dwcfi  same_value, 29
     615                      .dwcfi  same_value, 30
     616                      .dwcfi  same_value, 31
     617                      .dwcfi  undefined, 32
     618                      .dwcfi  undefined, 33
     619                      .dwcfi  undefined, 34
     620                      .dwcfi  undefined, 35
     621                      .dwcfi  undefined, 36
     622                      .dwcfi  undefined, 37
     623                      .dwcfi  undefined, 38
     624                      .dwcfi  undefined, 39
     625                      .dwcfi  undefined, 40
     626                      .dwcfi  undefined, 41
     627                      .dwcfi  undefined, 42
     628                      .dwcfi  undefined, 43
     629                      .dwcfi  undefined, 44
     630                      .dwcfi  undefined, 45
     631                      .dwcfi  undefined, 46
     632                      .dwcfi  undefined, 47
     633                      .dwcfi  undefined, 48
     634                      .dwcfi  undefined, 49
     635                      .dwcfi  undefined, 50
     636                      .dwcfi  undefined, 51
     637                      .dwcfi  undefined, 52
     638                      .dwcfi  undefined, 53
     639                      .dwcfi  undefined, 54
     640                      .dwcfi  undefined, 55
     641                      .dwcfi  undefined, 56
     642                      .dwcfi  undefined, 57
     643                      .dwcfi  undefined, 58
TMS320C55x Assembler PC v4.3.8 Fri Jan 21 01:13:22 2011

Tools Copyright (c) 1996-2010 Texas Instruments Incorporated
i2s.asm                                                              PAGE   13

     644                      .dwcfi  undefined, 59
     645                      .dwcfi  undefined, 60
     646                      .dwcfi  undefined, 61
     647                      .dwcfi  undefined, 62
     648                      .dwcfi  undefined, 63
     649                      .dwcfi  undefined, 64
     650                      .dwcfi  undefined, 65
     651                      .dwcfi  undefined, 66
     652                      .dwcfi  undefined, 67
     653                      .dwcfi  undefined, 68
     654                      .dwcfi  undefined, 69
     655                      .dwcfi  undefined, 70
     656                      .dwcfi  undefined, 71
     657                      .dwcfi  undefined, 72
     658                      .dwcfi  undefined, 73
     659                      .dwcfi  undefined, 74
     660                      .dwcfi  undefined, 75
     661                      .dwcfi  undefined, 76
     662                      .dwcfi  undefined, 77
     663                      .dwcfi  undefined, 78
     664                      .dwcfi  undefined, 79
     665                      .dwcfi  undefined, 80
     666                      .dwcfi  undefined, 81
     667                      .dwcfi  undefined, 82
     668                      .dwcfi  undefined, 83
     669                      .dwcfi  undefined, 84
     670                      .dwcfi  undefined, 85
     671                      .dwcfi  undefined, 86
     672                      .dwcfi  undefined, 87
     673                      .dwcfi  undefined, 88
     674                      .dwcfi  undefined, 89
     675                      .dwcfi  undefined, 90
     676                      .dwcfi  undefined, 91
     677                      .dwendentry
     678              
     679              ;***************************************************************
     680              ;* DWARF REGISTER MAP                                          *
     681              ;***************************************************************
     682              
     683              $C$DW$39        .dwtag  DW_TAG_TI_assign_register, DW_AT_name("AC0")
     684                      .dwattr $C$DW$39, DW_AT_location[DW_OP_reg0]
     685              $C$DW$40        .dwtag  DW_TAG_TI_assign_register, DW_AT_name("AC0")
     686                      .dwattr $C$DW$40, DW_AT_location[DW_OP_reg1]
     687              $C$DW$41        .dwtag  DW_TAG_TI_assign_register, DW_AT_name("AC0_G")
     688                      .dwattr $C$DW$41, DW_AT_location[DW_OP_reg2]
     689              $C$DW$42        .dwtag  DW_TAG_TI_assign_register, DW_AT_name("AC1")
     690                      .dwattr $C$DW$42, DW_AT_location[DW_OP_reg3]
     691              $C$DW$43        .dwtag  DW_TAG_TI_assign_register, DW_AT_name("AC1")
     692                      .dwattr $C$DW$43, DW_AT_location[DW_OP_reg4]
     693              $C$DW$44        .dwtag  DW_TAG_TI_assign_register, DW_AT_name("AC1_G")
     694                      .dwattr $C$DW$44, DW_AT_location[DW_OP_reg5]
     695              $C$DW$45        .dwtag  DW_TAG_TI_assign_register, DW_AT_name("AC2")
     696                      .dwattr $C$DW$45, DW_AT_location[DW_OP_reg6]
     697              $C$DW$46        .dwtag  DW_TAG_TI_assign_register, DW_AT_name("AC2")
     698                      .dwattr $C$DW$46, DW_AT_location[DW_OP_reg7]
TMS320C55x Assembler PC v4.3.8 Fri Jan 21 01:13:22 2011

Tools Copyright (c) 1996-2010 Texas Instruments Incorporated
i2s.asm                                                              PAGE   14

     699              $C$DW$47        .dwtag  DW_TAG_TI_assign_register, DW_AT_name("AC2_G")
     700                      .dwattr $C$DW$47, DW_AT_location[DW_OP_reg8]
     701              $C$DW$48        .dwtag  DW_TAG_TI_assign_register, DW_AT_name("AC3")
     702                      .dwattr $C$DW$48, DW_AT_location[DW_OP_reg9]
     703              $C$DW$49        .dwtag  DW_TAG_TI_assign_register, DW_AT_name("AC3")
     704                      .dwattr $C$DW$49, DW_AT_location[DW_OP_reg10]
     705              $C$DW$50        .dwtag  DW_TAG_TI_assign_register, DW_AT_name("AC3_G")
     706                      .dwattr $C$DW$50, DW_AT_location[DW_OP_reg11]
     707              $C$DW$51        .dwtag  DW_TAG_TI_assign_register, DW_AT_name("T0")
     708                      .dwattr $C$DW$51, DW_AT_location[DW_OP_reg12]
     709              $C$DW$52        .dwtag  DW_TAG_TI_assign_register, DW_AT_name("T1")
     710                      .dwattr $C$DW$52, DW_AT_location[DW_OP_reg13]
     711              $C$DW$53        .dwtag  DW_TAG_TI_assign_register, DW_AT_name("T2")
     712                      .dwattr $C$DW$53, DW_AT_location[DW_OP_reg14]
     713              $C$DW$54        .dwtag  DW_TAG_TI_assign_register, DW_AT_name("T3")
     714                      .dwattr $C$DW$54, DW_AT_location[DW_OP_reg15]
     715              $C$DW$55        .dwtag  DW_TAG_TI_assign_register, DW_AT_name("AR0")
     716                      .dwattr $C$DW$55, DW_AT_location[DW_OP_reg16]
     717              $C$DW$56        .dwtag  DW_TAG_TI_assign_register, DW_AT_name("XAR0")
     718                      .dwattr $C$DW$56, DW_AT_location[DW_OP_reg17]
     719              $C$DW$57        .dwtag  DW_TAG_TI_assign_register, DW_AT_name("AR1")
     720                      .dwattr $C$DW$57, DW_AT_location[DW_OP_reg18]
     721              $C$DW$58        .dwtag  DW_TAG_TI_assign_register, DW_AT_name("XAR1")
     722                      .dwattr $C$DW$58, DW_AT_location[DW_OP_reg19]
     723              $C$DW$59        .dwtag  DW_TAG_TI_assign_register, DW_AT_name("AR2")
     724                      .dwattr $C$DW$59, DW_AT_location[DW_OP_reg20]
     725              $C$DW$60        .dwtag  DW_TAG_TI_assign_register, DW_AT_name("XAR2")
     726                      .dwattr $C$DW$60, DW_AT_location[DW_OP_reg21]
     727              $C$DW$61        .dwtag  DW_TAG_TI_assign_register, DW_AT_name("AR3")
     728                      .dwattr $C$DW$61, DW_AT_location[DW_OP_reg22]
     729              $C$DW$62        .dwtag  DW_TAG_TI_assign_register, DW_AT_name("XAR3")
     730                      .dwattr $C$DW$62, DW_AT_location[DW_OP_reg23]
     731              $C$DW$63        .dwtag  DW_TAG_TI_assign_register, DW_AT_name("AR4")
     732                      .dwattr $C$DW$63, DW_AT_location[DW_OP_reg24]
     733              $C$DW$64        .dwtag  DW_TAG_TI_assign_register, DW_AT_name("XAR4")
     734                      .dwattr $C$DW$64, DW_AT_location[DW_OP_reg25]
     735              $C$DW$65        .dwtag  DW_TAG_TI_assign_register, DW_AT_name("AR5")
     736                      .dwattr $C$DW$65, DW_AT_location[DW_OP_reg26]
     737              $C$DW$66        .dwtag  DW_TAG_TI_assign_register, DW_AT_name("XAR5")
     738                      .dwattr $C$DW$66, DW_AT_location[DW_OP_reg27]
     739              $C$DW$67        .dwtag  DW_TAG_TI_assign_register, DW_AT_name("AR6")
     740                      .dwattr $C$DW$67, DW_AT_location[DW_OP_reg28]
     741              $C$DW$68        .dwtag  DW_TAG_TI_assign_register, DW_AT_name("XAR6")
     742                      .dwattr $C$DW$68, DW_AT_location[DW_OP_reg29]
     743              $C$DW$69        .dwtag  DW_TAG_TI_assign_register, DW_AT_name("AR7")
     744                      .dwattr $C$DW$69, DW_AT_location[DW_OP_reg30]
     745              $C$DW$70        .dwtag  DW_TAG_TI_assign_register, DW_AT_name("XAR7")
     746                      .dwattr $C$DW$70, DW_AT_location[DW_OP_reg31]
     747              $C$DW$71        .dwtag  DW_TAG_TI_assign_register, DW_AT_name("FP")
     748                      .dwattr $C$DW$71, DW_AT_location[DW_OP_regx 0x20]
     749              $C$DW$72        .dwtag  DW_TAG_TI_assign_register, DW_AT_name("XFP")
     750                      .dwattr $C$DW$72, DW_AT_location[DW_OP_regx 0x21]
     751              $C$DW$73        .dwtag  DW_TAG_TI_assign_register, DW_AT_name("PC")
     752                      .dwattr $C$DW$73, DW_AT_location[DW_OP_regx 0x22]
     753              $C$DW$74        .dwtag  DW_TAG_TI_assign_register, DW_AT_name("SP")
TMS320C55x Assembler PC v4.3.8 Fri Jan 21 01:13:22 2011

Tools Copyright (c) 1996-2010 Texas Instruments Incorporated
i2s.asm                                                              PAGE   15

     754                      .dwattr $C$DW$74, DW_AT_location[DW_OP_regx 0x23]
     755              $C$DW$75        .dwtag  DW_TAG_TI_assign_register, DW_AT_name("XSP")
     756                      .dwattr $C$DW$75, DW_AT_location[DW_OP_regx 0x24]
     757              $C$DW$76        .dwtag  DW_TAG_TI_assign_register, DW_AT_name("BKC")
     758                      .dwattr $C$DW$76, DW_AT_location[DW_OP_regx 0x25]
     759              $C$DW$77        .dwtag  DW_TAG_TI_assign_register, DW_AT_name("BK03")
     760                      .dwattr $C$DW$77, DW_AT_location[DW_OP_regx 0x26]
     761              $C$DW$78        .dwtag  DW_TAG_TI_assign_register, DW_AT_name("BK47")
     762                      .dwattr $C$DW$78, DW_AT_location[DW_OP_regx 0x27]
     763              $C$DW$79        .dwtag  DW_TAG_TI_assign_register, DW_AT_name("ST0")
     764                      .dwattr $C$DW$79, DW_AT_location[DW_OP_regx 0x28]
     765              $C$DW$80        .dwtag  DW_TAG_TI_assign_register, DW_AT_name("ST1")
     766                      .dwattr $C$DW$80, DW_AT_location[DW_OP_regx 0x29]
     767              $C$DW$81        .dwtag  DW_TAG_TI_assign_register, DW_AT_name("ST2")
     768                      .dwattr $C$DW$81, DW_AT_location[DW_OP_regx 0x2a]
     769              $C$DW$82        .dwtag  DW_TAG_TI_assign_register, DW_AT_name("ST3")
     770                      .dwattr $C$DW$82, DW_AT_location[DW_OP_regx 0x2b]
     771              $C$DW$83        .dwtag  DW_TAG_TI_assign_register, DW_AT_name("MDP")
     772                      .dwattr $C$DW$83, DW_AT_location[DW_OP_regx 0x2c]
     773              $C$DW$84        .dwtag  DW_TAG_TI_assign_register, DW_AT_name("MDP05")
     774                      .dwattr $C$DW$84, DW_AT_location[DW_OP_regx 0x2d]
     775              $C$DW$85        .dwtag  DW_TAG_TI_assign_register, DW_AT_name("MDP67")
     776                      .dwattr $C$DW$85, DW_AT_location[DW_OP_regx 0x2e]
     777              $C$DW$86        .dwtag  DW_TAG_TI_assign_register, DW_AT_name("BRC0")
     778                      .dwattr $C$DW$86, DW_AT_location[DW_OP_regx 0x2f]
     779              $C$DW$87        .dwtag  DW_TAG_TI_assign_register, DW_AT_name("RSA0")
     780                      .dwattr $C$DW$87, DW_AT_location[DW_OP_regx 0x30]
     781              $C$DW$88        .dwtag  DW_TAG_TI_assign_register, DW_AT_name("RSA0_H")
     782                      .dwattr $C$DW$88, DW_AT_location[DW_OP_regx 0x31]
     783              $C$DW$89        .dwtag  DW_TAG_TI_assign_register, DW_AT_name("REA0")
     784                      .dwattr $C$DW$89, DW_AT_location[DW_OP_regx 0x32]
     785              $C$DW$90        .dwtag  DW_TAG_TI_assign_register, DW_AT_name("REA0_H")
     786                      .dwattr $C$DW$90, DW_AT_location[DW_OP_regx 0x33]
     787              $C$DW$91        .dwtag  DW_TAG_TI_assign_register, DW_AT_name("BRS1")
     788                      .dwattr $C$DW$91, DW_AT_location[DW_OP_regx 0x34]
     789              $C$DW$92        .dwtag  DW_TAG_TI_assign_register, DW_AT_name("BRC1")
     790                      .dwattr $C$DW$92, DW_AT_location[DW_OP_regx 0x35]
     791              $C$DW$93        .dwtag  DW_TAG_TI_assign_register, DW_AT_name("RSA1")
     792                      .dwattr $C$DW$93, DW_AT_location[DW_OP_regx 0x36]
     793              $C$DW$94        .dwtag  DW_TAG_TI_assign_register, DW_AT_name("RSA1_H")
     794                      .dwattr $C$DW$94, DW_AT_location[DW_OP_regx 0x37]
     795              $C$DW$95        .dwtag  DW_TAG_TI_assign_register, DW_AT_name("REA1")
     796                      .dwattr $C$DW$95, DW_AT_location[DW_OP_regx 0x38]
     797              $C$DW$96        .dwtag  DW_TAG_TI_assign_register, DW_AT_name("REA1_H")
     798                      .dwattr $C$DW$96, DW_AT_location[DW_OP_regx 0x39]
     799              $C$DW$97        .dwtag  DW_TAG_TI_assign_register, DW_AT_name("CSR")
     800                      .dwattr $C$DW$97, DW_AT_location[DW_OP_regx 0x3a]
     801              $C$DW$98        .dwtag  DW_TAG_TI_assign_register, DW_AT_name("RPTC")
     802                      .dwattr $C$DW$98, DW_AT_location[DW_OP_regx 0x3b]
     803              $C$DW$99        .dwtag  DW_TAG_TI_assign_register, DW_AT_name("CDP")
     804                      .dwattr $C$DW$99, DW_AT_location[DW_OP_regx 0x3c]
     805              $C$DW$100       .dwtag  DW_TAG_TI_assign_register, DW_AT_name("XCDP")
     806                      .dwattr $C$DW$100, DW_AT_location[DW_OP_regx 0x3d]
     807              $C$DW$101       .dwtag  DW_TAG_TI_assign_register, DW_AT_name("TRN0")
     808                      .dwattr $C$DW$101, DW_AT_location[DW_OP_regx 0x3e]
TMS320C55x Assembler PC v4.3.8 Fri Jan 21 01:13:22 2011

Tools Copyright (c) 1996-2010 Texas Instruments Incorporated
i2s.asm                                                              PAGE   16

     809              $C$DW$102       .dwtag  DW_TAG_TI_assign_register, DW_AT_name("TRN1")
     810                      .dwattr $C$DW$102, DW_AT_location[DW_OP_regx 0x3f]
     811              $C$DW$103       .dwtag  DW_TAG_TI_assign_register, DW_AT_name("BSA01")
     812                      .dwattr $C$DW$103, DW_AT_location[DW_OP_regx 0x40]
     813              $C$DW$104       .dwtag  DW_TAG_TI_assign_register, DW_AT_name("BSA23")
     814                      .dwattr $C$DW$104, DW_AT_location[DW_OP_regx 0x41]
     815              $C$DW$105       .dwtag  DW_TAG_TI_assign_register, DW_AT_name("BSA45")
     816                      .dwattr $C$DW$105, DW_AT_location[DW_OP_regx 0x42]
     817              $C$DW$106       .dwtag  DW_TAG_TI_assign_register, DW_AT_name("BSA67")
     818                      .dwattr $C$DW$106, DW_AT_location[DW_OP_regx 0x43]
     819              $C$DW$107       .dwtag  DW_TAG_TI_assign_register, DW_AT_name("BSAC")
     820                      .dwattr $C$DW$107, DW_AT_location[DW_OP_regx 0x44]
     821              $C$DW$108       .dwtag  DW_TAG_TI_assign_register, DW_AT_name("CARRY")
     822                      .dwattr $C$DW$108, DW_AT_location[DW_OP_regx 0x45]
     823              $C$DW$109       .dwtag  DW_TAG_TI_assign_register, DW_AT_name("TC1")
     824                      .dwattr $C$DW$109, DW_AT_location[DW_OP_regx 0x46]
     825              $C$DW$110       .dwtag  DW_TAG_TI_assign_register, DW_AT_name("TC2")
     826                      .dwattr $C$DW$110, DW_AT_location[DW_OP_regx 0x47]
     827              $C$DW$111       .dwtag  DW_TAG_TI_assign_register, DW_AT_name("M40")
     828                      .dwattr $C$DW$111, DW_AT_location[DW_OP_regx 0x48]
     829              $C$DW$112       .dwtag  DW_TAG_TI_assign_register, DW_AT_name("SXMD")
     830                      .dwattr $C$DW$112, DW_AT_location[DW_OP_regx 0x49]
     831              $C$DW$113       .dwtag  DW_TAG_TI_assign_register, DW_AT_name("ARMS")
     832                      .dwattr $C$DW$113, DW_AT_location[DW_OP_regx 0x4a]
     833              $C$DW$114       .dwtag  DW_TAG_TI_assign_register, DW_AT_name("C54CM")
     834                      .dwattr $C$DW$114, DW_AT_location[DW_OP_regx 0x4b]
     835              $C$DW$115       .dwtag  DW_TAG_TI_assign_register, DW_AT_name("SATA")
     836                      .dwattr $C$DW$115, DW_AT_location[DW_OP_regx 0x4c]
     837              $C$DW$116       .dwtag  DW_TAG_TI_assign_register, DW_AT_name("SATD")
     838                      .dwattr $C$DW$116, DW_AT_location[DW_OP_regx 0x4d]
     839              $C$DW$117       .dwtag  DW_TAG_TI_assign_register, DW_AT_name("RDM")
     840                      .dwattr $C$DW$117, DW_AT_location[DW_OP_regx 0x4e]
     841              $C$DW$118       .dwtag  DW_TAG_TI_assign_register, DW_AT_name("FRCT")
     842                      .dwattr $C$DW$118, DW_AT_location[DW_OP_regx 0x4f]
     843              $C$DW$119       .dwtag  DW_TAG_TI_assign_register, DW_AT_name("SMUL")
     844                      .dwattr $C$DW$119, DW_AT_location[DW_OP_regx 0x50]
     845              $C$DW$120       .dwtag  DW_TAG_TI_assign_register, DW_AT_name("INTM")
     846                      .dwattr $C$DW$120, DW_AT_location[DW_OP_regx 0x51]
     847              $C$DW$121       .dwtag  DW_TAG_TI_assign_register, DW_AT_name("AR0LC")
     848                      .dwattr $C$DW$121, DW_AT_location[DW_OP_regx 0x52]
     849              $C$DW$122       .dwtag  DW_TAG_TI_assign_register, DW_AT_name("AR1LC")
     850                      .dwattr $C$DW$122, DW_AT_location[DW_OP_regx 0x53]
     851              $C$DW$123       .dwtag  DW_TAG_TI_assign_register, DW_AT_name("AR2LC")
     852                      .dwattr $C$DW$123, DW_AT_location[DW_OP_regx 0x54]
     853              $C$DW$124       .dwtag  DW_TAG_TI_assign_register, DW_AT_name("AR3LC")
     854                      .dwattr $C$DW$124, DW_AT_location[DW_OP_regx 0x55]
     855              $C$DW$125       .dwtag  DW_TAG_TI_assign_register, DW_AT_name("AR4LC")
     856                      .dwattr $C$DW$125, DW_AT_location[DW_OP_regx 0x56]
     857              $C$DW$126       .dwtag  DW_TAG_TI_assign_register, DW_AT_name("AR5LC")
     858                      .dwattr $C$DW$126, DW_AT_location[DW_OP_regx 0x57]
     859              $C$DW$127       .dwtag  DW_TAG_TI_assign_register, DW_AT_name("AR6LC")
     860                      .dwattr $C$DW$127, DW_AT_location[DW_OP_regx 0x58]
     861              $C$DW$128       .dwtag  DW_TAG_TI_assign_register, DW_AT_name("AR7LC")
     862                      .dwattr $C$DW$128, DW_AT_location[DW_OP_regx 0x59]
     863              $C$DW$129       .dwtag  DW_TAG_TI_assign_register, DW_AT_name("CDPLC")
TMS320C55x Assembler PC v4.3.8 Fri Jan 21 01:13:22 2011

Tools Copyright (c) 1996-2010 Texas Instruments Incorporated
i2s.asm                                                              PAGE   17

     864                      .dwattr $C$DW$129, DW_AT_location[DW_OP_regx 0x5a]
     865              $C$DW$130       .dwtag  DW_TAG_TI_assign_register, DW_AT_name("CIE_RETA")
     866                      .dwattr $C$DW$130, DW_AT_location[DW_OP_regx 0x5b]
     867                      .dwendtag $C$DW$CU
     868              

No Assembly Errors, No Assembly Warnings
