TMS320C55x Assembler PC v4.3.8 Fri Jan 21 01:13:23 2011

Tools Copyright (c) 1996-2010 Texas Instruments Incorporated
rtc.asm                                                              PAGE    1

    1189              ; Temporary Registers Used: None
       1              ;*******************************************************************************
       2              ;* TMS320C55x C/C++ Codegen                                          PC v4.3.8 *
       3              ;* Date/Time created: Fri Jan 21 01:13:23 2011                                 *
       4              ;*******************************************************************************
       5                      .compiler_opts --hll_source=on --mem_model:code=flat --mem_model:data=huge --silicon_core_3_3 --symde
       6                      .mmregs
       7                      .cpl_on
       8                      .arms_on
       9                      .c54cm_off
      10                      .asg AR6, FP
      11                      .asg XAR6, XFP
      12                      .asg DPH, MDP
      13                      .model call=c55_std
      14                      .model mem=huge
      15                      .noremark 5002  ; code respects overwrite rules
      16              ;*******************************************************************************
      17              ;* GLOBAL FILE PARAMETERS                                                      *
      18              ;*                                                                             *
      19              ;*   Architecture       : TMS320C55x                                           *
      20              ;*   Optimizing for     : Speed                                                *
      21              ;*   Memory             : Huge Model (23-Bit Data Pointers)                    *
      22              ;*   Calls              : Normal Library ASM calls                             *
      23              ;*   Debug Info         : Standard TI Debug Information                        *
      24              ;*******************************************************************************
      25              
      26              $C$DW$CU        .dwtag  DW_TAG_compile_unit
      27                      .dwattr $C$DW$CU, DW_AT_name("E:/temp/c5515_eZdsp_FreeRTOS_Demo/src/rtc.c")
      28                      .dwattr $C$DW$CU, DW_AT_producer("TMS320C55x C/C++ Codegen PC v4.3.8 Copyright (c) 1996-2010 Texas In
      29                      .dwattr $C$DW$CU, DW_AT_TI_version(0x01)
      30                      .dwattr $C$DW$CU, DW_AT_comp_dir("E:\temp\c5515_eZdsp_FreeRTOS_Demo\EZDSP_Sample\Debug")
      31              ;******************************************************************************
      32              ;* CINIT RECORDS                                                              *
      33              ;******************************************************************************
      34 000000               .sect   ".cinit"
      35                      .align  1
      36 000000 0001          .field          1,16
      37 000001 0000-         .field          _Flag_RTC+0,24
         000002 1200 
      38 000002 1200          .field          0,8
      39 000003 0000          .field          0,16                    ; _Flag_RTC @ 0
      40              
      41 000004               .sect   ".cinit"
      42                      .align  1
      43 000004 0001          .field          1,16
      44 000005 0000-         .field          _Conunt_RTC+0,24
         000006 1300 
      45 000006 1300          .field          0,8
      46 000007 0000          .field          0,16                    ; _Conunt_RTC @ 0
      47              
      48                      .global _Buf_sec
      49 000000               .bss    _Buf_sec,3,0,0
      50              $C$DW$1 .dwtag  DW_TAG_variable, DW_AT_name("Buf_sec")
      51                      .dwattr $C$DW$1, DW_AT_TI_symbol_name("_Buf_sec")
      52                      .dwattr $C$DW$1, DW_AT_location[DW_OP_addr _Buf_sec]
TMS320C55x Assembler PC v4.3.8 Fri Jan 21 01:13:23 2011

Tools Copyright (c) 1996-2010 Texas Instruments Incorporated
rtc.asm                                                              PAGE    2

      53                      .dwattr $C$DW$1, DW_AT_type(*$C$DW$T$44)
      54                      .dwattr $C$DW$1, DW_AT_external
      55                      .dwattr $C$DW$1, DW_AT_decl_file("E:/temp/c5515_eZdsp_FreeRTOS_Demo/src/rtc.c")
      56                      .dwattr $C$DW$1, DW_AT_decl_line(0x24)
      57                      .dwattr $C$DW$1, DW_AT_decl_column(0x06)
      58                      .global _Buf_min
      59 000003               .bss    _Buf_min,3,0,0
      60              $C$DW$2 .dwtag  DW_TAG_variable, DW_AT_name("Buf_min")
      61                      .dwattr $C$DW$2, DW_AT_TI_symbol_name("_Buf_min")
      62                      .dwattr $C$DW$2, DW_AT_location[DW_OP_addr _Buf_min]
      63                      .dwattr $C$DW$2, DW_AT_type(*$C$DW$T$44)
      64                      .dwattr $C$DW$2, DW_AT_external
      65                      .dwattr $C$DW$2, DW_AT_decl_file("E:/temp/c5515_eZdsp_FreeRTOS_Demo/src/rtc.c")
      66                      .dwattr $C$DW$2, DW_AT_decl_line(0x25)
      67                      .dwattr $C$DW$2, DW_AT_decl_column(0x06)
      68                      .global _Buf_hour
      69 000006               .bss    _Buf_hour,3,0,0
      70              $C$DW$3 .dwtag  DW_TAG_variable, DW_AT_name("Buf_hour")
      71                      .dwattr $C$DW$3, DW_AT_TI_symbol_name("_Buf_hour")
      72                      .dwattr $C$DW$3, DW_AT_location[DW_OP_addr _Buf_hour]
      73                      .dwattr $C$DW$3, DW_AT_type(*$C$DW$T$44)
      74                      .dwattr $C$DW$3, DW_AT_external
      75                      .dwattr $C$DW$3, DW_AT_decl_file("E:/temp/c5515_eZdsp_FreeRTOS_Demo/src/rtc.c")
      76                      .dwattr $C$DW$3, DW_AT_decl_line(0x26)
      77                      .dwattr $C$DW$3, DW_AT_decl_column(0x06)
      78                      .global _Buf_day
      79 000009               .bss    _Buf_day,3,0,0
      80              $C$DW$4 .dwtag  DW_TAG_variable, DW_AT_name("Buf_day")
      81                      .dwattr $C$DW$4, DW_AT_TI_symbol_name("_Buf_day")
      82                      .dwattr $C$DW$4, DW_AT_location[DW_OP_addr _Buf_day]
      83                      .dwattr $C$DW$4, DW_AT_type(*$C$DW$T$44)
      84                      .dwattr $C$DW$4, DW_AT_external
      85                      .dwattr $C$DW$4, DW_AT_decl_file("E:/temp/c5515_eZdsp_FreeRTOS_Demo/src/rtc.c")
      86                      .dwattr $C$DW$4, DW_AT_decl_line(0x27)
      87                      .dwattr $C$DW$4, DW_AT_decl_column(0x06)
      88                      .global _Buf_month
      89 00000c               .bss    _Buf_month,3,0,0
      90              $C$DW$5 .dwtag  DW_TAG_variable, DW_AT_name("Buf_month")
      91                      .dwattr $C$DW$5, DW_AT_TI_symbol_name("_Buf_month")
      92                      .dwattr $C$DW$5, DW_AT_location[DW_OP_addr _Buf_month]
      93                      .dwattr $C$DW$5, DW_AT_type(*$C$DW$T$44)
      94                      .dwattr $C$DW$5, DW_AT_external
      95                      .dwattr $C$DW$5, DW_AT_decl_file("E:/temp/c5515_eZdsp_FreeRTOS_Demo/src/rtc.c")
      96                      .dwattr $C$DW$5, DW_AT_decl_line(0x28)
      97                      .dwattr $C$DW$5, DW_AT_decl_column(0x06)
      98                      .global _Buf_year
      99 00000f               .bss    _Buf_year,3,0,0
     100              $C$DW$6 .dwtag  DW_TAG_variable, DW_AT_name("Buf_year")
     101                      .dwattr $C$DW$6, DW_AT_TI_symbol_name("_Buf_year")
     102                      .dwattr $C$DW$6, DW_AT_location[DW_OP_addr _Buf_year]
     103                      .dwattr $C$DW$6, DW_AT_type(*$C$DW$T$44)
     104                      .dwattr $C$DW$6, DW_AT_external
     105                      .dwattr $C$DW$6, DW_AT_decl_file("E:/temp/c5515_eZdsp_FreeRTOS_Demo/src/rtc.c")
     106                      .dwattr $C$DW$6, DW_AT_decl_line(0x29)
     107                      .dwattr $C$DW$6, DW_AT_decl_column(0x06)
TMS320C55x Assembler PC v4.3.8 Fri Jan 21 01:13:23 2011

Tools Copyright (c) 1996-2010 Texas Instruments Incorporated
rtc.asm                                                              PAGE    3

     108                      .global _Flag_RTC
     109 000012               .bss    _Flag_RTC,1,0,0
     110              $C$DW$7 .dwtag  DW_TAG_variable, DW_AT_name("Flag_RTC")
     111                      .dwattr $C$DW$7, DW_AT_TI_symbol_name("_Flag_RTC")
     112                      .dwattr $C$DW$7, DW_AT_location[DW_OP_addr _Flag_RTC]
     113                      .dwattr $C$DW$7, DW_AT_type(*$C$DW$T$22)
     114                      .dwattr $C$DW$7, DW_AT_external
     115                      .dwattr $C$DW$7, DW_AT_decl_file("E:/temp/c5515_eZdsp_FreeRTOS_Demo/src/rtc.c")
     116                      .dwattr $C$DW$7, DW_AT_decl_line(0x2b)
     117                      .dwattr $C$DW$7, DW_AT_decl_column(0x08)
     118                      .global _Conunt_RTC
     119 000013               .bss    _Conunt_RTC,1,0,0
     120              $C$DW$8 .dwtag  DW_TAG_variable, DW_AT_name("Conunt_RTC")
     121                      .dwattr $C$DW$8, DW_AT_TI_symbol_name("_Conunt_RTC")
     122                      .dwattr $C$DW$8, DW_AT_location[DW_OP_addr _Conunt_RTC]
     123                      .dwattr $C$DW$8, DW_AT_type(*$C$DW$T$22)
     124                      .dwattr $C$DW$8, DW_AT_external
     125                      .dwattr $C$DW$8, DW_AT_decl_file("E:/temp/c5515_eZdsp_FreeRTOS_Demo/src/rtc.c")
     126                      .dwattr $C$DW$8, DW_AT_decl_line(0x2c)
     127                      .dwattr $C$DW$8, DW_AT_decl_column(0x08)
     128              ;       C:\Texas Instruments Tools\ccsv4\tools\compiler\C5500 Code Generation Tools 4.3.8\bin\opt55.exe C:\\U
     129 000000               .sect   ".text"
     130                      .global _enable_rtc_second_int
     131              
     132              $C$DW$9 .dwtag  DW_TAG_subprogram, DW_AT_name("enable_rtc_second_int")
     133                      .dwattr $C$DW$9, DW_AT_low_pc(_enable_rtc_second_int)
     134                      .dwattr $C$DW$9, DW_AT_high_pc(0x00)
     135                      .dwattr $C$DW$9, DW_AT_TI_symbol_name("_enable_rtc_second_int")
     136                      .dwattr $C$DW$9, DW_AT_external
     137                      .dwattr $C$DW$9, DW_AT_TI_begin_file("E:/temp/c5515_eZdsp_FreeRTOS_Demo/src/rtc.c")
     138                      .dwattr $C$DW$9, DW_AT_TI_begin_line(0x2e)
     139                      .dwattr $C$DW$9, DW_AT_TI_begin_column(0x06)
     140                      .dwattr $C$DW$9, DW_AT_decl_file("E:/temp/c5515_eZdsp_FreeRTOS_Demo/src/rtc.c")
     141                      .dwattr $C$DW$9, DW_AT_decl_line(0x2e)
     142                      .dwattr $C$DW$9, DW_AT_decl_column(0x06)
     143                      .dwattr $C$DW$9, DW_AT_TI_max_frame_size(0x01)
     144                      .dwpsn  file "E:/temp/c5515_eZdsp_FreeRTOS_Demo/src/rtc.c",line 47,column 1,is_stmt,address _enable_r
     145              
     146                      .dwfde $C$DW$CIE, _enable_rtc_second_int
     147              ;*******************************************************************************
     148              ;* FUNCTION NAME: enable_rtc_second_int                                        *
     149              ;*                                                                             *
     150              ;*   Function Uses Regs : SP,M40,SATA,SATD,RDM,FRCT,SMUL                       *
     151              ;*   Stack Frame        : Compact (No Frame Pointer, w/ debug)                 *
     152              ;*   Total Frame Size   : 1 word                                               *
     153              ;*                        (1 return address/alignment)                         *
     154              ;*   Min System Stack   : 1 word                                               *
     155              ;*******************************************************************************
     156              
     157              ;*******************************************************************************
     158              ;*                                                                             *
     159              ;* Using -g (debug) with optimization (-o0) may disable key optimizations!     *
     160              ;*                                                                             *
     161              ;*******************************************************************************
     162 000000       _enable_rtc_second_int:
TMS320C55x Assembler PC v4.3.8 Fri Jan 21 01:13:23 2011

Tools Copyright (c) 1996-2010 Texas Instruments Incorporated
rtc.asm                                                              PAGE    4

     163              ;** 49  -----------------------    *(volatile ioport unsigned *)0x1900u = 1u;
     164              ;** 50  -----------------------    *(volatile ioport unsigned *)0x1924u = 2u;
     165              ;**     -----------------------    return;
     166                      .dwcfi  cfa_offset, 1
     167                      .dwcfi  save_reg_to_mem, 91, -1
     168                      .dwpsn  file "E:/temp/c5515_eZdsp_FreeRTOS_Demo/src/rtc.c",line 49,column 5,is_stmt
     169 000000 E651          MOV #1, *port(#6400) ; |49| 
         000002 0119 
         000004 00   
     170                      .dwpsn  file "E:/temp/c5515_eZdsp_FreeRTOS_Demo/src/rtc.c",line 50,column 5,is_stmt
     171 000005 E651          MOV #2, *port(#6436) ; |50| 
         000007 0219 
         000009 24   
     172                      .dwpsn  file "E:/temp/c5515_eZdsp_FreeRTOS_Demo/src/rtc.c",line 51,column 1,is_stmt
     173              $C$DW$10        .dwtag  DW_TAG_TI_branch
     174                      .dwattr $C$DW$10, DW_AT_low_pc(0x00)
     175                      .dwattr $C$DW$10, DW_AT_TI_return
     176 00000a 4804          RET
     177                                                      ; return occurs
     178                      .dwattr $C$DW$9, DW_AT_TI_end_file("E:/temp/c5515_eZdsp_FreeRTOS_Demo/src/rtc.c")
     179                      .dwattr $C$DW$9, DW_AT_TI_end_line(0x33)
     180                      .dwattr $C$DW$9, DW_AT_TI_end_column(0x01)
     181                      .dwendentry
     182                      .dwendtag $C$DW$9
     183              
     184 00000c               .sect   ".text"
     185                      .global _reset_RTC
     186              
     187              $C$DW$11        .dwtag  DW_TAG_subprogram, DW_AT_name("reset_RTC")
     188                      .dwattr $C$DW$11, DW_AT_low_pc(_reset_RTC)
     189                      .dwattr $C$DW$11, DW_AT_high_pc(0x00)
     190                      .dwattr $C$DW$11, DW_AT_TI_symbol_name("_reset_RTC")
     191                      .dwattr $C$DW$11, DW_AT_external
     192                      .dwattr $C$DW$11, DW_AT_TI_begin_file("E:/temp/c5515_eZdsp_FreeRTOS_Demo/src/rtc.c")
     193                      .dwattr $C$DW$11, DW_AT_TI_begin_line(0x35)
     194                      .dwattr $C$DW$11, DW_AT_TI_begin_column(0x06)
     195                      .dwattr $C$DW$11, DW_AT_decl_file("E:/temp/c5515_eZdsp_FreeRTOS_Demo/src/rtc.c")
     196                      .dwattr $C$DW$11, DW_AT_decl_line(0x35)
     197                      .dwattr $C$DW$11, DW_AT_decl_column(0x06)
     198                      .dwattr $C$DW$11, DW_AT_TI_max_frame_size(0x01)
     199                      .dwpsn  file "E:/temp/c5515_eZdsp_FreeRTOS_Demo/src/rtc.c",line 54,column 1,is_stmt,address _reset_RT
     200              
     201                      .dwfde $C$DW$CIE, _reset_RTC
     202              ;*******************************************************************************
     203              ;* FUNCTION NAME: reset_RTC                                                    *
     204              ;*                                                                             *
     205              ;*   Function Uses Regs : AR1,AR2,SP,M40,SATA,SATD,RDM,FRCT,SMUL               *
     206              ;*   Stack Frame        : Compact (No Frame Pointer, w/ debug)                 *
     207              ;*   Total Frame Size   : 1 word                                               *
     208              ;*                        (1 return address/alignment)                         *
     209              ;*   Min System Stack   : 1 word                                               *
     210              ;*******************************************************************************
     211              
     212              ;*******************************************************************************
     213              ;*                                                                             *
TMS320C55x Assembler PC v4.3.8 Fri Jan 21 01:13:23 2011

Tools Copyright (c) 1996-2010 Texas Instruments Incorporated
rtc.asm                                                              PAGE    5

     214              ;* Using -g (debug) with optimization (-o0) may disable key optimizations!     *
     215              ;*                                                                             *
     216              ;*******************************************************************************
     217 00000c       _reset_RTC:
     218              ;** 57  -----------------------    temp = *(volatile ioport unsigned *)0x1900u;
     219              ;** 58  -----------------------    *(volatile ioport unsigned *)0x1900u = 0u;
     220              ;** 60  -----------------------    *(volatile ioport unsigned *)0x1904u = 0u;
     221              ;** 61  -----------------------    *(volatile ioport unsigned *)0x1908u = 0u;
     222              ;** 62  -----------------------    *(volatile ioport unsigned *)0x190cu = 0u;
     223              ;** 63  -----------------------    *(volatile ioport unsigned *)0x1910u = 0u;
     224              ;** 64  -----------------------    *(volatile ioport unsigned *)0x1914u = 16u;
     225              ;** 65  -----------------------    *(volatile ioport unsigned *)0x1918u = 6u;
     226              ;** 66  -----------------------    *(volatile ioport unsigned *)0x191cu = 8201u;
     227              ;** 68  -----------------------    *(volatile ioport unsigned *)0x1901u = 0x8000u;
     228              ;** 70  -----------------------    if ( !*(volatile ioport unsigned *)0x1901u ) goto g3;
     229                      .dwcfi  cfa_offset, 1
     230                      .dwcfi  save_reg_to_mem, 91, -1
     231              ;* AR2   assigned to _temp
     232              $C$DW$12        .dwtag  DW_TAG_variable, DW_AT_name("temp")
     233                      .dwattr $C$DW$12, DW_AT_TI_symbol_name("_temp")
     234                      .dwattr $C$DW$12, DW_AT_type(*$C$DW$T$22)
     235                      .dwattr $C$DW$12, DW_AT_location[DW_OP_reg20]
     236                      .dwpsn  file "E:/temp/c5515_eZdsp_FreeRTOS_Demo/src/rtc.c",line 57,column 5,is_stmt
     237 00000c AA51          MOV *port(#6400), AR2 ; |57| 
         00000e 1900 
     238                      .dwpsn  file "E:/temp/c5515_eZdsp_FreeRTOS_Demo/src/rtc.c",line 58,column 5,is_stmt
     239 000010 E651          MOV #0, *port(#6400) ; |58| 
         000012 0019 
         000014 00   
     240                      .dwpsn  file "E:/temp/c5515_eZdsp_FreeRTOS_Demo/src/rtc.c",line 60,column 5,is_stmt
     241 000015 E651          MOV #0, *port(#6404) ; |60| 
         000017 0019 
         000019 04   
     242                      .dwpsn  file "E:/temp/c5515_eZdsp_FreeRTOS_Demo/src/rtc.c",line 61,column 5,is_stmt
     243 00001a E651          MOV #0, *port(#6408) ; |61| 
         00001c 0019 
         00001e 08   
     244                      .dwpsn  file "E:/temp/c5515_eZdsp_FreeRTOS_Demo/src/rtc.c",line 62,column 5,is_stmt
     245 00001f E651          MOV #0, *port(#6412) ; |62| 
         000021 0019 
         000023 0C   
     246                      .dwpsn  file "E:/temp/c5515_eZdsp_FreeRTOS_Demo/src/rtc.c",line 63,column 5,is_stmt
     247 000024 E651          MOV #0, *port(#6416) ; |63| 
         000026 0019 
         000028 10   
     248                      .dwpsn  file "E:/temp/c5515_eZdsp_FreeRTOS_Demo/src/rtc.c",line 64,column 5,is_stmt
     249 000029 E651          MOV #16, *port(#6420) ; |64| 
         00002b 1019 
         00002d 14   
     250                      .dwpsn  file "E:/temp/c5515_eZdsp_FreeRTOS_Demo/src/rtc.c",line 65,column 5,is_stmt
     251 00002e E651          MOV #6, *port(#6424) ; |65| 
         000030 0619 
         000032 18   
     252                      .dwpsn  file "E:/temp/c5515_eZdsp_FreeRTOS_Demo/src/rtc.c",line 66,column 5,is_stmt
     253 000033 FB51          MOV #8201, *port(#6428) ; |66| 
TMS320C55x Assembler PC v4.3.8 Fri Jan 21 01:13:23 2011

Tools Copyright (c) 1996-2010 Texas Instruments Incorporated
rtc.asm                                                              PAGE    6

         000035 2009 
         000037 191C 
     254                      .dwpsn  file "E:/temp/c5515_eZdsp_FreeRTOS_Demo/src/rtc.c",line 68,column 5,is_stmt
     255 000039 FB51          MOV #32768, *port(#6401) ; |68| 
         00003b 8000 
         00003d 1901 
     256                      .dwpsn  file "E:/temp/c5515_eZdsp_FreeRTOS_Demo/src/rtc.c",line 70,column 11,is_stmt
     257 00003f A951          MOV *port(#6401), AR1 ; |70| 
         000041 1901 
     258 000043 6389          BCC $C$L2,AR1 == #0 ; |70| 
     259                                                      ; branchcc occurs ; |70| 
     260 000045       $C$L1:    
     261 000045       $C$DW$L$_reset_RTC$2$B:
     262              ;**     -----------------------g2:
     263              ;** 70  -----------------------    if ( *(volatile ioport unsigned *)0x1901u ) goto g2;
     264 000045 A951          MOV *port(#6401), AR1 ; |70| 
         000047 1901 
     265 000049 0419          BCC $C$L1,AR1 != #0 ; |70| 
         00004b F9   
     266                                                      ; branchcc occurs ; |70| 
     267 00004c       $C$DW$L$_reset_RTC$2$E:
     268 00004c       $C$L2:    
     269              ;**     -----------------------g3:
     270              ;** 72  -----------------------    *(volatile ioport unsigned *)0x1900u = temp;
     271              ;**     -----------------------    return;
     272                      .dwpsn  file "E:/temp/c5515_eZdsp_FreeRTOS_Demo/src/rtc.c",line 72,column 5,is_stmt
     273 00004c CA51          MOV AR2, *port(#6400) ; |72| 
         00004e 1900 
     274                      .dwpsn  file "E:/temp/c5515_eZdsp_FreeRTOS_Demo/src/rtc.c",line 73,column 1,is_stmt
     275              $C$DW$13        .dwtag  DW_TAG_TI_branch
     276                      .dwattr $C$DW$13, DW_AT_low_pc(0x00)
     277                      .dwattr $C$DW$13, DW_AT_TI_return
     278 000050 4804          RET
     279                                                      ; return occurs
     280              
     281              $C$DW$14        .dwtag  DW_TAG_TI_loop
     282                      .dwattr $C$DW$14, DW_AT_name("E:\temp\c5515_eZdsp_FreeRTOS_Demo\EZDSP_Sample\Debug\rtc.asm:$C$L1:1:12
     283                      .dwattr $C$DW$14, DW_AT_TI_begin_file("E:/temp/c5515_eZdsp_FreeRTOS_Demo/src/rtc.c")
     284                      .dwattr $C$DW$14, DW_AT_TI_begin_line(0x46)
     285                      .dwattr $C$DW$14, DW_AT_TI_end_line(0x46)
     286              $C$DW$15        .dwtag  DW_TAG_TI_loop_range
     287                      .dwattr $C$DW$15, DW_AT_low_pc($C$DW$L$_reset_RTC$2$B)
     288                      .dwattr $C$DW$15, DW_AT_high_pc($C$DW$L$_reset_RTC$2$E)
     289                      .dwendtag $C$DW$14
     290              
     291                      .dwattr $C$DW$11, DW_AT_TI_end_file("E:/temp/c5515_eZdsp_FreeRTOS_Demo/src/rtc.c")
     292                      .dwattr $C$DW$11, DW_AT_TI_end_line(0x49)
     293                      .dwattr $C$DW$11, DW_AT_TI_end_column(0x01)
     294                      .dwendentry
     295                      .dwendtag $C$DW$11
     296              
     297 000052               .sect   ".text"
     298              
     299              $C$DW$16        .dwtag  DW_TAG_subprogram, DW_AT_name("NtoC")
     300                      .dwattr $C$DW$16, DW_AT_low_pc(_NtoC)
TMS320C55x Assembler PC v4.3.8 Fri Jan 21 01:13:23 2011

Tools Copyright (c) 1996-2010 Texas Instruments Incorporated
rtc.asm                                                              PAGE    7

     301                      .dwattr $C$DW$16, DW_AT_high_pc(0x00)
     302                      .dwattr $C$DW$16, DW_AT_TI_symbol_name("_NtoC")
     303                      .dwattr $C$DW$16, DW_AT_type(*$C$DW$T$23)
     304                      .dwattr $C$DW$16, DW_AT_TI_begin_file("E:/temp/c5515_eZdsp_FreeRTOS_Demo/src/rtc.c")
     305                      .dwattr $C$DW$16, DW_AT_TI_begin_line(0x4c)
     306                      .dwattr $C$DW$16, DW_AT_TI_begin_column(0x0d)
     307                      .dwattr $C$DW$16, DW_AT_decl_file("E:/temp/c5515_eZdsp_FreeRTOS_Demo/src/rtc.c")
     308                      .dwattr $C$DW$16, DW_AT_decl_line(0x4c)
     309                      .dwattr $C$DW$16, DW_AT_decl_column(0x0d)
     310                      .dwattr $C$DW$16, DW_AT_TI_max_frame_size(0x01)
     311                      .dwpsn  file "E:/temp/c5515_eZdsp_FreeRTOS_Demo/src/rtc.c",line 77,column 1,is_stmt,address _NtoC
     312              
     313                      .dwfde $C$DW$CIE, _NtoC
     314              $C$DW$17        .dwtag  DW_TAG_formal_parameter, DW_AT_name("num")
     315                      .dwattr $C$DW$17, DW_AT_TI_symbol_name("_num")
     316                      .dwattr $C$DW$17, DW_AT_type(*$C$DW$T$23)
     317                      .dwattr $C$DW$17, DW_AT_location[DW_OP_reg12]
     318              ;*******************************************************************************
     319              ;* FUNCTION NAME: NtoC                                                         *
     320              ;*                                                                             *
     321              ;*   Function Uses Regs : AC0,AC0,AC1,AC1,T0,AR1,AR2,AR3,XAR3,SP,CARRY,TC1,M40,*
     322              ;*                        SATA,SATD,RDM,FRCT,SMUL                              *
     323              ;*   Stack Frame        : Compact (No Frame Pointer, w/ debug)                 *
     324              ;*   Total Frame Size   : 1 word                                               *
     325              ;*                        (1 return address/alignment)                         *
     326              ;*   Min System Stack   : 1 word                                               *
     327              ;*******************************************************************************
     328              
     329              ;*******************************************************************************
     330              ;*                                                                             *
     331              ;* Using -g (debug) with optimization (-o0) may disable key optimizations!     *
     332              ;*                                                                             *
     333              ;*******************************************************************************
     334 000052       _NtoC:
     335              ;** 78  -----------------------    switch ( num ) {case 0: goto g12;, case 1: goto g11;, case 2: goto g10;, c
     336                      .dwcfi  cfa_offset, 1
     337                      .dwcfi  save_reg_to_mem, 91, -1
     338              ;* T0    assigned to _num
     339              $C$DW$18        .dwtag  DW_TAG_variable, DW_AT_name("num")
     340                      .dwattr $C$DW$18, DW_AT_TI_symbol_name("_num")
     341                      .dwattr $C$DW$18, DW_AT_type(*$C$DW$T$23)
     342                      .dwattr $C$DW$18, DW_AT_location[DW_OP_reg12]
     343                      .dwpsn  file "E:/temp/c5515_eZdsp_FreeRTOS_Demo/src/rtc.c",line 78,column 5,is_stmt
     344 000052 2240          MOV T0, AC0 ; |78| 
     345              
     346 000054 2209          MOV AC0, AR1 ; |78| 
     347 000056 3D9A  ||      MOV #9, AR2
     348              
     349 000058 12A8          CMPU AR1 <= AR2, TC1 ; |78| 
         00005a 94   
     350 00005b 0474          BCC $C$L3,!TC1 ; |78| 
         00005d 16   
     351                                                      ; branchcc occurs ; |78| 
     352 00005e 4450          SFTS AC0, #1, AC0 ; |78| 
     353 000060 A110          MOV mmap(AC0L), AC1 ; |78| 
TMS320C55x Assembler PC v4.3.8 Fri Jan 21 01:13:23 2011

Tools Copyright (c) 1996-2010 Texas Instruments Incorporated
rtc.asm                                                              PAGE    8

         000062 98   
     354 000063 7A00          MOV #($C$SW1 >> 16) << #16, AC0 ; |78| 
         000065 000A%
     355 000067 7E00          OR #($C$SW1 & 0xffff), AC0, AC0 ; |78| 
         000069 0000%
     356 00006b 2410          ADD AC1, AC0 ; |78| 
     357 00006d 900B          MOV AC0, XAR3
     358 00006f ED61          MOV dbl(*AR3), AC0 ; |78| 
         000071 08   
     359 000072 9100          B AC0     ; |78| 
     360                                                      ; branch occurs ; |78| 
     361 000000               .sect   ".switch"
     362                      .clink
     363 000000 0000  $C$SW1: .long   $C$L13  ; 0
         000001 00B0'
     364 000002 0000          .long   $C$L12  ; 1
         000003 00AA'
     365 000004 0000          .long   $C$L11  ; 2
         000005 00A4'
     366 000006 0000          .long   $C$L10  ; 3
         000007 009E'
     367 000008 0000          .long   $C$L9   ; 4
         000009 0098'
     368 00000a 0000          .long   $C$L8   ; 5
         00000b 0092'
     369 00000c 0000          .long   $C$L7   ; 6
         00000d 008C'
     370 00000e 0000          .long   $C$L6   ; 7
         00000f 0086'
     371 000010 0000          .long   $C$L5   ; 8
         000011 0080'
     372 000012 0000          .long   $C$L4   ; 9
         000013 007A'
     373 000074               .sect   ".text"
     374 000074       $C$L3:    
     375              ;**     -----------------------g2:
     376              ;** 111 -----------------------    num = 48;
     377              ;** 112 -----------------------    goto g13;
     378                      .dwpsn  file "E:/temp/c5515_eZdsp_FreeRTOS_Demo/src/rtc.c",line 111,column 13,is_stmt
     379 000074 7600          MOV #48, T0 ; |111| 
         000076 3048 
     380                      .dwpsn  file "E:/temp/c5515_eZdsp_FreeRTOS_Demo/src/rtc.c",line 112,column 9,is_stmt
     381 000078 4A3A          B $C$L14  ; |112| 
     382                                                      ; branch occurs ; |112| 
     383 00007a       $C$L4:    
     384              ;**     -----------------------g3:
     385              ;** 108 -----------------------    num = 57;
     386              ;** 109 -----------------------    goto g13;
     387                      .dwpsn  file "E:/temp/c5515_eZdsp_FreeRTOS_Demo/src/rtc.c",line 108,column 13,is_stmt
     388 00007a 7600          MOV #57, T0 ; |108| 
         00007c 3948 
     389                      .dwpsn  file "E:/temp/c5515_eZdsp_FreeRTOS_Demo/src/rtc.c",line 109,column 9,is_stmt
     390 00007e 4A34          B $C$L14  ; |109| 
     391                                                      ; branch occurs ; |109| 
     392 000080       $C$L5:    
TMS320C55x Assembler PC v4.3.8 Fri Jan 21 01:13:23 2011

Tools Copyright (c) 1996-2010 Texas Instruments Incorporated
rtc.asm                                                              PAGE    9

     393              ;**     -----------------------g4:
     394              ;** 105 -----------------------    num = 56;
     395              ;** 106 -----------------------    goto g13;
     396                      .dwpsn  file "E:/temp/c5515_eZdsp_FreeRTOS_Demo/src/rtc.c",line 105,column 13,is_stmt
     397 000080 7600          MOV #56, T0 ; |105| 
         000082 3848 
     398                      .dwpsn  file "E:/temp/c5515_eZdsp_FreeRTOS_Demo/src/rtc.c",line 106,column 9,is_stmt
     399 000084 4A2E          B $C$L14  ; |106| 
     400                                                      ; branch occurs ; |106| 
     401 000086       $C$L6:    
     402              ;**     -----------------------g5:
     403              ;** 102 -----------------------    num = 55;
     404              ;** 103 -----------------------    goto g13;
     405                      .dwpsn  file "E:/temp/c5515_eZdsp_FreeRTOS_Demo/src/rtc.c",line 102,column 13,is_stmt
     406 000086 7600          MOV #55, T0 ; |102| 
         000088 3748 
     407                      .dwpsn  file "E:/temp/c5515_eZdsp_FreeRTOS_Demo/src/rtc.c",line 103,column 9,is_stmt
     408 00008a 4A28          B $C$L14  ; |103| 
     409                                                      ; branch occurs ; |103| 
     410 00008c       $C$L7:    
     411              ;**     -----------------------g6:
     412              ;** 99  -----------------------    num = 54;
     413              ;** 100 -----------------------    goto g13;
     414                      .dwpsn  file "E:/temp/c5515_eZdsp_FreeRTOS_Demo/src/rtc.c",line 99,column 13,is_stmt
     415 00008c 7600          MOV #54, T0 ; |99| 
         00008e 3648 
     416                      .dwpsn  file "E:/temp/c5515_eZdsp_FreeRTOS_Demo/src/rtc.c",line 100,column 9,is_stmt
     417 000090 4A22          B $C$L14  ; |100| 
     418                                                      ; branch occurs ; |100| 
     419 000092       $C$L8:    
     420              ;**     -----------------------g7:
     421              ;** 96  -----------------------    num = 53;
     422              ;** 97  -----------------------    goto g13;
     423                      .dwpsn  file "E:/temp/c5515_eZdsp_FreeRTOS_Demo/src/rtc.c",line 96,column 13,is_stmt
     424 000092 7600          MOV #53, T0 ; |96| 
         000094 3548 
     425                      .dwpsn  file "E:/temp/c5515_eZdsp_FreeRTOS_Demo/src/rtc.c",line 97,column 9,is_stmt
     426 000096 4A1C          B $C$L14  ; |97| 
     427                                                      ; branch occurs ; |97| 
     428 000098       $C$L9:    
     429              ;**     -----------------------g8:
     430              ;** 93  -----------------------    num = 52;
     431              ;** 94  -----------------------    goto g13;
     432                      .dwpsn  file "E:/temp/c5515_eZdsp_FreeRTOS_Demo/src/rtc.c",line 93,column 13,is_stmt
     433 000098 7600          MOV #52, T0 ; |93| 
         00009a 3448 
     434                      .dwpsn  file "E:/temp/c5515_eZdsp_FreeRTOS_Demo/src/rtc.c",line 94,column 9,is_stmt
     435 00009c 4A16          B $C$L14  ; |94| 
     436                                                      ; branch occurs ; |94| 
     437 00009e       $C$L10:    
     438              ;**     -----------------------g9:
     439              ;** 90  -----------------------    num = 51;
     440              ;** 91  -----------------------    goto g13;
     441                      .dwpsn  file "E:/temp/c5515_eZdsp_FreeRTOS_Demo/src/rtc.c",line 90,column 13,is_stmt
     442 00009e 7600          MOV #51, T0 ; |90| 
TMS320C55x Assembler PC v4.3.8 Fri Jan 21 01:13:23 2011

Tools Copyright (c) 1996-2010 Texas Instruments Incorporated
rtc.asm                                                              PAGE   10

         0000a0 3348 
     443                      .dwpsn  file "E:/temp/c5515_eZdsp_FreeRTOS_Demo/src/rtc.c",line 91,column 9,is_stmt
     444 0000a2 4A10          B $C$L14  ; |91| 
     445                                                      ; branch occurs ; |91| 
     446 0000a4       $C$L11:    
     447              ;**     -----------------------g10:
     448              ;** 87  -----------------------    num = 50;
     449              ;** 88  -----------------------    goto g13;
     450                      .dwpsn  file "E:/temp/c5515_eZdsp_FreeRTOS_Demo/src/rtc.c",line 87,column 13,is_stmt
     451 0000a4 7600          MOV #50, T0 ; |87| 
         0000a6 3248 
     452                      .dwpsn  file "E:/temp/c5515_eZdsp_FreeRTOS_Demo/src/rtc.c",line 88,column 9,is_stmt
     453 0000a8 4A0A          B $C$L14  ; |88| 
     454                                                      ; branch occurs ; |88| 
     455 0000aa       $C$L12:    
     456              ;**     -----------------------g11:
     457              ;** 84  -----------------------    num = 49;
     458              ;** 85  -----------------------    goto g13;
     459                      .dwpsn  file "E:/temp/c5515_eZdsp_FreeRTOS_Demo/src/rtc.c",line 84,column 13,is_stmt
     460 0000aa 7600          MOV #49, T0 ; |84| 
         0000ac 3148 
     461                      .dwpsn  file "E:/temp/c5515_eZdsp_FreeRTOS_Demo/src/rtc.c",line 85,column 9,is_stmt
     462 0000ae 4A04          B $C$L14  ; |85| 
     463                                                      ; branch occurs ; |85| 
     464 0000b0       $C$L13:    
     465              ;**     -----------------------g12:
     466              ;** 81  -----------------------    num = 48;
     467                      .dwpsn  file "E:/temp/c5515_eZdsp_FreeRTOS_Demo/src/rtc.c",line 81,column 13,is_stmt
     468 0000b0 7600          MOV #48, T0 ; |81| 
         0000b2 3048 
     469 0000b4       $C$L14:    
     470              ;**     -----------------------g13:
     471              ;** 114 -----------------------    return num;
     472                      .dwpsn  file "E:/temp/c5515_eZdsp_FreeRTOS_Demo/src/rtc.c",line 114,column 5,is_stmt
     473                      .dwpsn  file "E:/temp/c5515_eZdsp_FreeRTOS_Demo/src/rtc.c",line 115,column 1,is_stmt
     474              $C$DW$19        .dwtag  DW_TAG_TI_branch
     475                      .dwattr $C$DW$19, DW_AT_low_pc(0x00)
     476                      .dwattr $C$DW$19, DW_AT_TI_return
     477 0000b4 4804          RET
     478                                                      ; return occurs
     479                      .dwattr $C$DW$16, DW_AT_TI_end_file("E:/temp/c5515_eZdsp_FreeRTOS_Demo/src/rtc.c")
     480                      .dwattr $C$DW$16, DW_AT_TI_end_line(0x73)
     481                      .dwattr $C$DW$16, DW_AT_TI_end_column(0x01)
     482                      .dwendentry
     483                      .dwendtag $C$DW$16
     484              
     485 0000b6               .sect   ".text"
     486                      .global _convert_number_to_string
     487              
     488              $C$DW$20        .dwtag  DW_TAG_subprogram, DW_AT_name("convert_number_to_string")
     489                      .dwattr $C$DW$20, DW_AT_low_pc(_convert_number_to_string)
     490                      .dwattr $C$DW$20, DW_AT_high_pc(0x00)
     491                      .dwattr $C$DW$20, DW_AT_TI_symbol_name("_convert_number_to_string")
     492                      .dwattr $C$DW$20, DW_AT_external
     493                      .dwattr $C$DW$20, DW_AT_TI_begin_file("E:/temp/c5515_eZdsp_FreeRTOS_Demo/src/rtc.c")
TMS320C55x Assembler PC v4.3.8 Fri Jan 21 01:13:23 2011

Tools Copyright (c) 1996-2010 Texas Instruments Incorporated
rtc.asm                                                              PAGE   11

     494                      .dwattr $C$DW$20, DW_AT_TI_begin_line(0x77)
     495                      .dwattr $C$DW$20, DW_AT_TI_begin_column(0x06)
     496                      .dwattr $C$DW$20, DW_AT_decl_file("E:/temp/c5515_eZdsp_FreeRTOS_Demo/src/rtc.c")
     497                      .dwattr $C$DW$20, DW_AT_decl_line(0x77)
     498                      .dwattr $C$DW$20, DW_AT_decl_column(0x06)
     499                      .dwattr $C$DW$20, DW_AT_TI_max_frame_size(0x02)
     500                      .dwpsn  file "E:/temp/c5515_eZdsp_FreeRTOS_Demo/src/rtc.c",line 120,column 1,is_stmt,address _convert
     501              
     502                      .dwfde $C$DW$CIE, _convert_number_to_string
     503              $C$DW$21        .dwtag  DW_TAG_formal_parameter, DW_AT_name("number")
     504                      .dwattr $C$DW$21, DW_AT_TI_symbol_name("_number")
     505                      .dwattr $C$DW$21, DW_AT_type(*$C$DW$T$22)
     506                      .dwattr $C$DW$21, DW_AT_location[DW_OP_reg12]
     507              $C$DW$22        .dwtag  DW_TAG_formal_parameter, DW_AT_name("buf")
     508                      .dwattr $C$DW$22, DW_AT_TI_symbol_name("_buf")
     509                      .dwattr $C$DW$22, DW_AT_type(*$C$DW$T$24)
     510                      .dwattr $C$DW$22, DW_AT_location[DW_OP_reg17]
     511              ;*******************************************************************************
     512              ;* FUNCTION NAME: convert_number_to_string                                     *
     513              ;*                                                                             *
     514              ;*   Function Uses Regs : AC0,T0,AR0,XAR0,AR4,SP,M40,SATA,SATD,RDM,FRCT,SMUL   *
     515              ;*   Stack Frame        : Compact (No Frame Pointer, w/ debug)                 *
     516              ;*   Total Frame Size   : 2 words                                              *
     517              ;*                        (2 return address/alignment)                         *
     518              ;*   Min System Stack   : 1 word                                               *
     519              ;*******************************************************************************
     520              
     521              ;*******************************************************************************
     522              ;*                                                                             *
     523              ;* Using -g (debug) with optimization (-o0) may disable key optimizations!     *
     524              ;*                                                                             *
     525              ;*******************************************************************************
     526 0000b6       _convert_number_to_string:
     527              ;** 123 -----------------------    temp0 = number&0xfu;
     528              ;** 124 -----------------------    temp1 = number>>4&0xf;
     529              ;** 126 -----------------------    *buf = NtoC(temp1);
     530              ;** 127 -----------------------    buf[1] = NtoC(temp0);
     531              ;** 128 -----------------------    buf[2] = 0;
     532              ;**     -----------------------    return;
     533                      .dwcfi  cfa_offset, 1
     534                      .dwcfi  save_reg_to_mem, 91, -1
     535 0000b6 4EFF          AADD #-1, SP
     536                      .dwcfi  cfa_offset, 2
     537              ;* AR4   assigned to _temp0
     538              $C$DW$23        .dwtag  DW_TAG_variable, DW_AT_name("temp0")
     539                      .dwattr $C$DW$23, DW_AT_TI_symbol_name("_temp0")
     540                      .dwattr $C$DW$23, DW_AT_type(*$C$DW$T$23)
     541                      .dwattr $C$DW$23, DW_AT_location[DW_OP_reg24]
     542              ;* T0    assigned to _temp1
     543              $C$DW$24        .dwtag  DW_TAG_variable, DW_AT_name("temp1")
     544                      .dwattr $C$DW$24, DW_AT_TI_symbol_name("_temp1")
     545                      .dwattr $C$DW$24, DW_AT_type(*$C$DW$T$23)
     546                      .dwattr $C$DW$24, DW_AT_location[DW_OP_reg12]
     547              ;* AR0   assigned to _buf
     548              $C$DW$25        .dwtag  DW_TAG_variable, DW_AT_name("buf")
TMS320C55x Assembler PC v4.3.8 Fri Jan 21 01:13:23 2011

Tools Copyright (c) 1996-2010 Texas Instruments Incorporated
rtc.asm                                                              PAGE   12

     549                      .dwattr $C$DW$25, DW_AT_TI_symbol_name("_buf")
     550                      .dwattr $C$DW$25, DW_AT_type(*$C$DW$T$24)
     551                      .dwattr $C$DW$25, DW_AT_location[DW_OP_reg17]
     552              ;* AC0   assigned to _number
     553              $C$DW$26        .dwtag  DW_TAG_variable, DW_AT_name("number")
     554                      .dwattr $C$DW$26, DW_AT_TI_symbol_name("_number")
     555                      .dwattr $C$DW$26, DW_AT_type(*$C$DW$T$22)
     556                      .dwattr $C$DW$26, DW_AT_location[DW_OP_reg0]
     557 0000b8 2240          MOV T0, AC0 ; |120| 
     558                      .dwpsn  file "E:/temp/c5515_eZdsp_FreeRTOS_Demo/src/rtc.c",line 123,column 5,is_stmt
     559 0000ba 180F          AND #0x000f, AC0, AR4 ; |123| 
         0000bc C0   
     560                      .dwpsn  file "E:/temp/c5515_eZdsp_FreeRTOS_Demo/src/rtc.c",line 124,column 5,is_stmt
     561 0000bd 7600          BFXTR #0x00f0, AC0, T0 ; |124| 
         0000bf F040 
     562                      .dwpsn  file "E:/temp/c5515_eZdsp_FreeRTOS_Demo/src/rtc.c",line 126,column 5,is_stmt
     563              $C$DW$27        .dwtag  DW_TAG_TI_branch
     564                      .dwattr $C$DW$27, DW_AT_low_pc(0x00)
     565                      .dwattr $C$DW$27, DW_AT_name("_NtoC")
     566                      .dwattr $C$DW$27, DW_AT_TI_call
     567 0000c1 08FF          CALL #_NtoC ; |126| 
         0000c3 8E   
     568                                                      ; call occurs [#_NtoC] ; |126| 
     569 0000c4 C401          MOV T0, *AR0 ; |126| 
     570                      .dwpsn  file "E:/temp/c5515_eZdsp_FreeRTOS_Demo/src/rtc.c",line 127,column 5,is_stmt
     571              $C$DW$28        .dwtag  DW_TAG_TI_branch
     572                      .dwattr $C$DW$28, DW_AT_low_pc(0x00)
     573                      .dwattr $C$DW$28, DW_AT_name("_NtoC")
     574                      .dwattr $C$DW$28, DW_AT_TI_call
     575              
     576 0000c6 08FF          CALL #_NtoC ; |127| 
         0000c8 87   
     577 0000c9 23C4  ||      MOV AR4, T0 ; |127| 
     578              
     579                                                      ; call occurs [#_NtoC] ; |127| 
     580 0000cb C413          MOV T0, *AR0(short(#1)) ; |127| 
     581                      .dwpsn  file "E:/temp/c5515_eZdsp_FreeRTOS_Demo/src/rtc.c",line 128,column 5,is_stmt
     582 0000cd E615          MOV #0, *AR0(short(#2)) ; |128| 
         0000cf 00   
     583                      .dwpsn  file "E:/temp/c5515_eZdsp_FreeRTOS_Demo/src/rtc.c",line 129,column 1,is_stmt
     584 0000d0 4E01          AADD #1, SP
     585                      .dwcfi  cfa_offset, 1
     586              $C$DW$29        .dwtag  DW_TAG_TI_branch
     587                      .dwattr $C$DW$29, DW_AT_low_pc(0x00)
     588                      .dwattr $C$DW$29, DW_AT_TI_return
     589 0000d2 4804          RET
     590                                                      ; return occurs
     591                      .dwattr $C$DW$20, DW_AT_TI_end_file("E:/temp/c5515_eZdsp_FreeRTOS_Demo/src/rtc.c")
     592                      .dwattr $C$DW$20, DW_AT_TI_end_line(0x81)
     593                      .dwattr $C$DW$20, DW_AT_TI_end_column(0x01)
     594                      .dwendentry
     595                      .dwendtag $C$DW$20
     596              
     597 0000d4               .sect   ".text"
     598                      .global _RTC_Isr
TMS320C55x Assembler PC v4.3.8 Fri Jan 21 01:13:23 2011

Tools Copyright (c) 1996-2010 Texas Instruments Incorporated
rtc.asm                                                              PAGE   13

     599              
     600              $C$DW$30        .dwtag  DW_TAG_subprogram, DW_AT_name("RTC_Isr")
     601                      .dwattr $C$DW$30, DW_AT_low_pc(_RTC_Isr)
     602                      .dwattr $C$DW$30, DW_AT_high_pc(0x00)
     603                      .dwattr $C$DW$30, DW_AT_TI_symbol_name("_RTC_Isr")
     604                      .dwattr $C$DW$30, DW_AT_external
     605                      .dwattr $C$DW$30, DW_AT_TI_begin_file("E:/temp/c5515_eZdsp_FreeRTOS_Demo/src/rtc.c")
     606                      .dwattr $C$DW$30, DW_AT_TI_begin_line(0x85)
     607                      .dwattr $C$DW$30, DW_AT_TI_begin_column(0x10)
     608                      .dwattr $C$DW$30, DW_AT_decl_file("E:/temp/c5515_eZdsp_FreeRTOS_Demo/src/rtc.c")
     609                      .dwattr $C$DW$30, DW_AT_decl_line(0x85)
     610                      .dwattr $C$DW$30, DW_AT_decl_column(0x10)
     611                      .dwattr $C$DW$30, DW_AT_TI_interrupt
     612                      .dwattr $C$DW$30, DW_AT_TI_max_frame_size(0x04)
     613                      .dwpsn  file "E:/temp/c5515_eZdsp_FreeRTOS_Demo/src/rtc.c",line 134,column 1,is_stmt,address _RTC_Isr
     614              
     615                      .dwfde $C$DW$CIE, _RTC_Isr
     616              ;*******************************************************************************
     617              ;* INTERRUPT NAME: RTC_Isr                                                     *
     618              ;*                                                                             *
     619              ;*   Function Uses Regs : AR1,SP,ST1,ST2,ST3,CARRY,M40,SATA,SATD,RDM,FRCT,SMUL *
     620              ;*   Save On Entry Regs : AR1                                                  *
     621              ;*******************************************************************************
     622              
     623              ;*******************************************************************************
     624              ;*                                                                             *
     625              ;* Using -g (debug) with optimization (-o0) may disable key optimizations!     *
     626              ;*                                                                             *
     627              ;*******************************************************************************
     628 0000d4       _RTC_Isr:
     629              ;** 138 -----------------------    *(volatile unsigned *)0x46uL = 4u;
     630              ;** 140 -----------------------    temp = *(volatile ioport unsigned *)0x1920u;
     631              ;** 141 -----------------------    *(volatile ioport unsigned *)0x1920u = temp;
     632              ;** 143 -----------------------    Flag_RTC = 1u;
     633              ;** 144 -----------------------    ++Conunt_RTC;
     634              ;**     -----------------------    return;
     635                      .dwcfi  cfa_offset, 3
     636                      .dwcfi  save_reg_to_mem, 91, -3
     637 0000d4 F406          AND #0xf91f, mmap(ST1_55)
         0000d6 F91F 
         0000d8 98   
     638 0000d9 F506          OR #0x4100, mmap(ST1_55)
         0000db 4100 
         0000dd 98   
     639 0000de F496          AND #0xfa00, mmap(ST2_55)
         0000e0 FA00 
         0000e2 98   
     640 0000e3 F596          OR #0x8000, mmap(ST2_55)
         0000e5 8000 
         0000e7 98   
     641 0000e8 B508          PSH mmap(ST3_55)
         0000ea 98   
     642                      .dwcfi  cfa_offset, 4
     643                      .dwcfi  save_reg_to_mem, 42, -4
     644 0000eb 5095          PSHBOTH XAR1
TMS320C55x Assembler PC v4.3.8 Fri Jan 21 01:13:23 2011

Tools Copyright (c) 1996-2010 Texas Instruments Incorporated
rtc.asm                                                              PAGE   14

     645                      .dwcfi  cfa_offset, 5
     646                      .dwcfi  save_reg_to_mem, 18, -5
     647                      .dwcfi  cfa_offset, 4
     648              ;* AR1   assigned to _temp
     649              $C$DW$31        .dwtag  DW_TAG_variable, DW_AT_name("temp")
     650                      .dwattr $C$DW$31, DW_AT_TI_symbol_name("_temp")
     651                      .dwattr $C$DW$31, DW_AT_type(*$C$DW$T$22)
     652                      .dwattr $C$DW$31, DW_AT_location[DW_OP_reg18]
     653                      .dwpsn  file "E:/temp/c5515_eZdsp_FreeRTOS_Demo/src/rtc.c",line 138,column 5,is_stmt
     654 0000ed E631          MOV #4, *(#70) ; |138| 
         0000ef 0400 
         0000f1 0046 
     655                      .dwpsn  file "E:/temp/c5515_eZdsp_FreeRTOS_Demo/src/rtc.c",line 140,column 5,is_stmt
     656 0000f3 A951          MOV *port(#6432), AR1 ; |140| 
         0000f5 1920 
     657                      .dwpsn  file "E:/temp/c5515_eZdsp_FreeRTOS_Demo/src/rtc.c",line 141,column 5,is_stmt
     658 0000f7 C951          MOV AR1, *port(#6432) ; |141| 
         0000f9 1920 
     659                      .dwpsn  file "E:/temp/c5515_eZdsp_FreeRTOS_Demo/src/rtc.c",line 143,column 2,is_stmt
     660 0000fb E631          MOV #1, *(#_Flag_RTC) ; |143| 
         0000fd 0100 
         0000ff 0012-
     661                      .dwpsn  file "E:/temp/c5515_eZdsp_FreeRTOS_Demo/src/rtc.c",line 144,column 2,is_stmt
     662 000101 F731          ADD #1, *(#_Conunt_RTC) ; |144| 
         000103 0001 
         000105 0000 
         000107 13-  
     663                      .dwpsn  file "E:/temp/c5515_eZdsp_FreeRTOS_Demo/src/rtc.c",line 145,column 1,is_stmt
     664                      .dwcfi  cfa_offset, 5
     665 000108 5094          POPBOTH XAR1
     666                      .dwcfi  restore_reg, 18
     667                      .dwcfi  cfa_offset, 4
     668 00010a BB08          POP mmap(ST3_55)
         00010c 98   
     669                      .dwcfi  restore_reg, 43
     670                      .dwcfi  cfa_offset, 3
     671              $C$DW$32        .dwtag  DW_TAG_TI_branch
     672                      .dwattr $C$DW$32, DW_AT_low_pc(0x00)
     673                      .dwattr $C$DW$32, DW_AT_TI_return
     674 00010d 4805          RETI
     675                                                      ; return occurs
     676                      .dwattr $C$DW$30, DW_AT_TI_end_file("E:/temp/c5515_eZdsp_FreeRTOS_Demo/src/rtc.c")
     677                      .dwattr $C$DW$30, DW_AT_TI_end_line(0x91)
     678                      .dwattr $C$DW$30, DW_AT_TI_end_column(0x01)
     679                      .dwendentry
     680                      .dwendtag $C$DW$30
     681              
     682              
     683              ;*******************************************************************************
     684              ;* TYPE INFORMATION                                                            *
     685              ;*******************************************************************************
     686              $C$DW$T$4       .dwtag  DW_TAG_base_type
     687                      .dwattr $C$DW$T$4, DW_AT_encoding(DW_ATE_boolean)
     688                      .dwattr $C$DW$T$4, DW_AT_name("bool")
     689                      .dwattr $C$DW$T$4, DW_AT_byte_size(0x01)
TMS320C55x Assembler PC v4.3.8 Fri Jan 21 01:13:23 2011

Tools Copyright (c) 1996-2010 Texas Instruments Incorporated
rtc.asm                                                              PAGE   15

     690              $C$DW$T$5       .dwtag  DW_TAG_base_type
     691                      .dwattr $C$DW$T$5, DW_AT_encoding(DW_ATE_signed_char)
     692                      .dwattr $C$DW$T$5, DW_AT_name("signed char")
     693                      .dwattr $C$DW$T$5, DW_AT_byte_size(0x01)
     694              $C$DW$T$6       .dwtag  DW_TAG_base_type
     695                      .dwattr $C$DW$T$6, DW_AT_encoding(DW_ATE_unsigned_char)
     696                      .dwattr $C$DW$T$6, DW_AT_name("unsigned char")
     697                      .dwattr $C$DW$T$6, DW_AT_byte_size(0x01)
     698              $C$DW$T$19      .dwtag  DW_TAG_pointer_type
     699                      .dwattr $C$DW$T$19, DW_AT_type(*$C$DW$T$6)
     700                      .dwattr $C$DW$T$19, DW_AT_address_class(0x17)
     701              $C$DW$T$7       .dwtag  DW_TAG_base_type
     702                      .dwattr $C$DW$T$7, DW_AT_encoding(DW_ATE_signed_char)
     703                      .dwattr $C$DW$T$7, DW_AT_name("wchar_t")
     704                      .dwattr $C$DW$T$7, DW_AT_byte_size(0x01)
     705              $C$DW$T$8       .dwtag  DW_TAG_base_type
     706                      .dwattr $C$DW$T$8, DW_AT_encoding(DW_ATE_signed)
     707                      .dwattr $C$DW$T$8, DW_AT_name("short")
     708                      .dwattr $C$DW$T$8, DW_AT_byte_size(0x01)
     709              $C$DW$T$26      .dwtag  DW_TAG_typedef, DW_AT_name("Int16")
     710                      .dwattr $C$DW$T$26, DW_AT_type(*$C$DW$T$8)
     711                      .dwattr $C$DW$T$26, DW_AT_language(DW_LANG_C)
     712                      .dwattr $C$DW$T$26, DW_AT_decl_file("E:/temp/c5515_eZdsp_FreeRTOS_Demo/inc/data_types.h")
     713                      .dwattr $C$DW$T$26, DW_AT_decl_line(0x14)
     714                      .dwattr $C$DW$T$26, DW_AT_decl_column(0x1d)
     715              $C$DW$T$9       .dwtag  DW_TAG_base_type
     716                      .dwattr $C$DW$T$9, DW_AT_encoding(DW_ATE_unsigned)
     717                      .dwattr $C$DW$T$9, DW_AT_name("unsigned short")
     718                      .dwattr $C$DW$T$9, DW_AT_byte_size(0x01)
     719              $C$DW$T$22      .dwtag  DW_TAG_typedef, DW_AT_name("Uint16")
     720                      .dwattr $C$DW$T$22, DW_AT_type(*$C$DW$T$9)
     721                      .dwattr $C$DW$T$22, DW_AT_language(DW_LANG_C)
     722                      .dwattr $C$DW$T$22, DW_AT_decl_file("E:/temp/c5515_eZdsp_FreeRTOS_Demo/inc/data_types.h")
     723                      .dwattr $C$DW$T$22, DW_AT_decl_line(0x17)
     724                      .dwattr $C$DW$T$22, DW_AT_decl_column(0x1d)
     725              $C$DW$T$10      .dwtag  DW_TAG_base_type
     726                      .dwattr $C$DW$T$10, DW_AT_encoding(DW_ATE_signed)
     727                      .dwattr $C$DW$T$10, DW_AT_name("int")
     728                      .dwattr $C$DW$T$10, DW_AT_byte_size(0x01)
     729              $C$DW$T$11      .dwtag  DW_TAG_base_type
     730                      .dwattr $C$DW$T$11, DW_AT_encoding(DW_ATE_unsigned)
     731                      .dwattr $C$DW$T$11, DW_AT_name("unsigned int")
     732                      .dwattr $C$DW$T$11, DW_AT_byte_size(0x01)
     733              $C$DW$T$12      .dwtag  DW_TAG_base_type
     734                      .dwattr $C$DW$T$12, DW_AT_encoding(DW_ATE_signed)
     735                      .dwattr $C$DW$T$12, DW_AT_name("long")
     736                      .dwattr $C$DW$T$12, DW_AT_byte_size(0x02)
     737              $C$DW$T$34      .dwtag  DW_TAG_typedef, DW_AT_name("fpos_t")
     738                      .dwattr $C$DW$T$34, DW_AT_type(*$C$DW$T$12)
     739                      .dwattr $C$DW$T$34, DW_AT_language(DW_LANG_C)
     740                      .dwattr $C$DW$T$34, DW_AT_decl_file("C:/Texas Instruments Tools/ccsv4/tools/compiler/C5500 Code Gener
     741                      .dwattr $C$DW$T$34, DW_AT_decl_line(0x27)
     742                      .dwattr $C$DW$T$34, DW_AT_decl_column(0x0e)
     743              $C$DW$T$35      .dwtag  DW_TAG_typedef, DW_AT_name("Int32")
     744                      .dwattr $C$DW$T$35, DW_AT_type(*$C$DW$T$12)
TMS320C55x Assembler PC v4.3.8 Fri Jan 21 01:13:23 2011

Tools Copyright (c) 1996-2010 Texas Instruments Incorporated
rtc.asm                                                              PAGE   16

     745                      .dwattr $C$DW$T$35, DW_AT_language(DW_LANG_C)
     746                      .dwattr $C$DW$T$35, DW_AT_decl_file("E:/temp/c5515_eZdsp_FreeRTOS_Demo/inc/data_types.h")
     747                      .dwattr $C$DW$T$35, DW_AT_decl_line(0x15)
     748                      .dwattr $C$DW$T$35, DW_AT_decl_column(0x1d)
     749              $C$DW$T$13      .dwtag  DW_TAG_base_type
     750                      .dwattr $C$DW$T$13, DW_AT_encoding(DW_ATE_unsigned)
     751                      .dwattr $C$DW$T$13, DW_AT_name("unsigned long")
     752                      .dwattr $C$DW$T$13, DW_AT_byte_size(0x02)
     753              $C$DW$T$36      .dwtag  DW_TAG_typedef, DW_AT_name("size_t")
     754                      .dwattr $C$DW$T$36, DW_AT_type(*$C$DW$T$13)
     755                      .dwattr $C$DW$T$36, DW_AT_language(DW_LANG_C)
     756                      .dwattr $C$DW$T$36, DW_AT_decl_file("C:/Texas Instruments Tools/ccsv4/tools/compiler/C5500 Code Gener
     757                      .dwattr $C$DW$T$36, DW_AT_decl_line(0x19)
     758                      .dwattr $C$DW$T$36, DW_AT_decl_column(0x19)
     759              $C$DW$T$37      .dwtag  DW_TAG_typedef, DW_AT_name("Uint32")
     760                      .dwattr $C$DW$T$37, DW_AT_type(*$C$DW$T$13)
     761                      .dwattr $C$DW$T$37, DW_AT_language(DW_LANG_C)
     762                      .dwattr $C$DW$T$37, DW_AT_decl_file("E:/temp/c5515_eZdsp_FreeRTOS_Demo/inc/data_types.h")
     763                      .dwattr $C$DW$T$37, DW_AT_decl_line(0x18)
     764                      .dwattr $C$DW$T$37, DW_AT_decl_column(0x1d)
     765              $C$DW$T$14      .dwtag  DW_TAG_base_type
     766                      .dwattr $C$DW$T$14, DW_AT_encoding(DW_ATE_signed)
     767                      .dwattr $C$DW$T$14, DW_AT_name("long long")
     768                      .dwattr $C$DW$T$14, DW_AT_byte_size(0x04)
     769                      .dwattr $C$DW$T$14, DW_AT_bit_size(0x28)
     770                      .dwattr $C$DW$T$14, DW_AT_bit_offset(0x18)
     771              $C$DW$T$38      .dwtag  DW_TAG_typedef, DW_AT_name("Int40")
     772                      .dwattr $C$DW$T$38, DW_AT_type(*$C$DW$T$14)
     773                      .dwattr $C$DW$T$38, DW_AT_language(DW_LANG_C)
     774                      .dwattr $C$DW$T$38, DW_AT_decl_file("E:/temp/c5515_eZdsp_FreeRTOS_Demo/inc/data_types.h")
     775                      .dwattr $C$DW$T$38, DW_AT_decl_line(0x16)
     776                      .dwattr $C$DW$T$38, DW_AT_decl_column(0x1d)
     777              $C$DW$T$15      .dwtag  DW_TAG_base_type
     778                      .dwattr $C$DW$T$15, DW_AT_encoding(DW_ATE_unsigned)
     779                      .dwattr $C$DW$T$15, DW_AT_name("unsigned long long")
     780                      .dwattr $C$DW$T$15, DW_AT_byte_size(0x04)
     781                      .dwattr $C$DW$T$15, DW_AT_bit_size(0x28)
     782                      .dwattr $C$DW$T$15, DW_AT_bit_offset(0x18)
     783              $C$DW$T$39      .dwtag  DW_TAG_typedef, DW_AT_name("Uint40")
     784                      .dwattr $C$DW$T$39, DW_AT_type(*$C$DW$T$15)
     785                      .dwattr $C$DW$T$39, DW_AT_language(DW_LANG_C)
     786                      .dwattr $C$DW$T$39, DW_AT_decl_file("E:/temp/c5515_eZdsp_FreeRTOS_Demo/inc/data_types.h")
     787                      .dwattr $C$DW$T$39, DW_AT_decl_line(0x19)
     788                      .dwattr $C$DW$T$39, DW_AT_decl_column(0x1d)
     789              $C$DW$T$16      .dwtag  DW_TAG_base_type
     790                      .dwattr $C$DW$T$16, DW_AT_encoding(DW_ATE_float)
     791                      .dwattr $C$DW$T$16, DW_AT_name("float")
     792                      .dwattr $C$DW$T$16, DW_AT_byte_size(0x02)
     793              $C$DW$T$40      .dwtag  DW_TAG_typedef, DW_AT_name("Float32")
     794                      .dwattr $C$DW$T$40, DW_AT_type(*$C$DW$T$16)
     795                      .dwattr $C$DW$T$40, DW_AT_language(DW_LANG_C)
     796                      .dwattr $C$DW$T$40, DW_AT_decl_file("E:/temp/c5515_eZdsp_FreeRTOS_Demo/inc/data_types.h")
     797                      .dwattr $C$DW$T$40, DW_AT_decl_line(0x1a)
     798                      .dwattr $C$DW$T$40, DW_AT_decl_column(0x1d)
     799              $C$DW$T$17      .dwtag  DW_TAG_base_type
TMS320C55x Assembler PC v4.3.8 Fri Jan 21 01:13:23 2011

Tools Copyright (c) 1996-2010 Texas Instruments Incorporated
rtc.asm                                                              PAGE   17

     800                      .dwattr $C$DW$T$17, DW_AT_encoding(DW_ATE_float)
     801                      .dwattr $C$DW$T$17, DW_AT_name("double")
     802                      .dwattr $C$DW$T$17, DW_AT_byte_size(0x02)
     803              $C$DW$T$18      .dwtag  DW_TAG_base_type
     804                      .dwattr $C$DW$T$18, DW_AT_encoding(DW_ATE_float)
     805                      .dwattr $C$DW$T$18, DW_AT_name("long double")
     806                      .dwattr $C$DW$T$18, DW_AT_byte_size(0x02)
     807              
     808              $C$DW$T$20      .dwtag  DW_TAG_structure_type
     809                      .dwattr $C$DW$T$20, DW_AT_byte_size(0x0c)
     810              $C$DW$33        .dwtag  DW_TAG_member
     811                      .dwattr $C$DW$33, DW_AT_type(*$C$DW$T$10)
     812                      .dwattr $C$DW$33, DW_AT_name("fd")
     813                      .dwattr $C$DW$33, DW_AT_TI_symbol_name("_fd")
     814                      .dwattr $C$DW$33, DW_AT_data_member_location[DW_OP_plus_uconst 0x0]
     815                      .dwattr $C$DW$33, DW_AT_accessibility(DW_ACCESS_public)
     816                      .dwattr $C$DW$33, DW_AT_decl_file("C:/Texas Instruments Tools/ccsv4/tools/compiler/C5500 Code Generat
     817                      .dwattr $C$DW$33, DW_AT_decl_line(0x1d)
     818                      .dwattr $C$DW$33, DW_AT_decl_column(0x0b)
     819              $C$DW$34        .dwtag  DW_TAG_member
     820                      .dwattr $C$DW$34, DW_AT_type(*$C$DW$T$19)
     821                      .dwattr $C$DW$34, DW_AT_name("buf")
     822                      .dwattr $C$DW$34, DW_AT_TI_symbol_name("_buf")
     823                      .dwattr $C$DW$34, DW_AT_data_member_location[DW_OP_plus_uconst 0x2]
     824                      .dwattr $C$DW$34, DW_AT_accessibility(DW_ACCESS_public)
     825                      .dwattr $C$DW$34, DW_AT_decl_file("C:/Texas Instruments Tools/ccsv4/tools/compiler/C5500 Code Generat
     826                      .dwattr $C$DW$34, DW_AT_decl_line(0x1e)
     827                      .dwattr $C$DW$34, DW_AT_decl_column(0x16)
     828              $C$DW$35        .dwtag  DW_TAG_member
     829                      .dwattr $C$DW$35, DW_AT_type(*$C$DW$T$19)
     830                      .dwattr $C$DW$35, DW_AT_name("pos")
     831                      .dwattr $C$DW$35, DW_AT_TI_symbol_name("_pos")
     832                      .dwattr $C$DW$35, DW_AT_data_member_location[DW_OP_plus_uconst 0x4]
     833                      .dwattr $C$DW$35, DW_AT_accessibility(DW_ACCESS_public)
     834                      .dwattr $C$DW$35, DW_AT_decl_file("C:/Texas Instruments Tools/ccsv4/tools/compiler/C5500 Code Generat
     835                      .dwattr $C$DW$35, DW_AT_decl_line(0x1f)
     836                      .dwattr $C$DW$35, DW_AT_decl_column(0x16)
     837              $C$DW$36        .dwtag  DW_TAG_member
     838                      .dwattr $C$DW$36, DW_AT_type(*$C$DW$T$19)
     839                      .dwattr $C$DW$36, DW_AT_name("bufend")
     840                      .dwattr $C$DW$36, DW_AT_TI_symbol_name("_bufend")
     841                      .dwattr $C$DW$36, DW_AT_data_member_location[DW_OP_plus_uconst 0x6]
     842                      .dwattr $C$DW$36, DW_AT_accessibility(DW_ACCESS_public)
     843                      .dwattr $C$DW$36, DW_AT_decl_file("C:/Texas Instruments Tools/ccsv4/tools/compiler/C5500 Code Generat
     844                      .dwattr $C$DW$36, DW_AT_decl_line(0x20)
     845                      .dwattr $C$DW$36, DW_AT_decl_column(0x16)
     846              $C$DW$37        .dwtag  DW_TAG_member
     847                      .dwattr $C$DW$37, DW_AT_type(*$C$DW$T$19)
     848                      .dwattr $C$DW$37, DW_AT_name("buff_stop")
     849                      .dwattr $C$DW$37, DW_AT_TI_symbol_name("_buff_stop")
     850                      .dwattr $C$DW$37, DW_AT_data_member_location[DW_OP_plus_uconst 0x8]
     851                      .dwattr $C$DW$37, DW_AT_accessibility(DW_ACCESS_public)
     852                      .dwattr $C$DW$37, DW_AT_decl_file("C:/Texas Instruments Tools/ccsv4/tools/compiler/C5500 Code Generat
     853                      .dwattr $C$DW$37, DW_AT_decl_line(0x21)
     854                      .dwattr $C$DW$37, DW_AT_decl_column(0x16)
TMS320C55x Assembler PC v4.3.8 Fri Jan 21 01:13:23 2011

Tools Copyright (c) 1996-2010 Texas Instruments Incorporated
rtc.asm                                                              PAGE   18

     855              $C$DW$38        .dwtag  DW_TAG_member
     856                      .dwattr $C$DW$38, DW_AT_type(*$C$DW$T$11)
     857                      .dwattr $C$DW$38, DW_AT_name("flags")
     858                      .dwattr $C$DW$38, DW_AT_TI_symbol_name("_flags")
     859                      .dwattr $C$DW$38, DW_AT_data_member_location[DW_OP_plus_uconst 0xa]
     860                      .dwattr $C$DW$38, DW_AT_accessibility(DW_ACCESS_public)
     861                      .dwattr $C$DW$38, DW_AT_decl_file("C:/Texas Instruments Tools/ccsv4/tools/compiler/C5500 Code Generat
     862                      .dwattr $C$DW$38, DW_AT_decl_line(0x22)
     863                      .dwattr $C$DW$38, DW_AT_decl_column(0x16)
     864                      .dwendtag $C$DW$T$20
     865              
     866                      .dwattr $C$DW$T$20, DW_AT_decl_file("C:/Texas Instruments Tools/ccsv4/tools/compiler/C5500 Code Gener
     867                      .dwattr $C$DW$T$20, DW_AT_decl_line(0x1c)
     868                      .dwattr $C$DW$T$20, DW_AT_decl_column(0x10)
     869              $C$DW$T$41      .dwtag  DW_TAG_typedef, DW_AT_name("FILE")
     870                      .dwattr $C$DW$T$41, DW_AT_type(*$C$DW$T$20)
     871                      .dwattr $C$DW$T$41, DW_AT_language(DW_LANG_C)
     872                      .dwattr $C$DW$T$41, DW_AT_decl_file("C:/Texas Instruments Tools/ccsv4/tools/compiler/C5500 Code Gener
     873                      .dwattr $C$DW$T$41, DW_AT_decl_line(0x23)
     874                      .dwattr $C$DW$T$41, DW_AT_decl_column(0x03)
     875              $C$DW$T$23      .dwtag  DW_TAG_base_type
     876                      .dwattr $C$DW$T$23, DW_AT_encoding(DW_ATE_signed_char)
     877                      .dwattr $C$DW$T$23, DW_AT_name("signed char")
     878                      .dwattr $C$DW$T$23, DW_AT_byte_size(0x01)
     879              $C$DW$T$24      .dwtag  DW_TAG_pointer_type
     880                      .dwattr $C$DW$T$24, DW_AT_type(*$C$DW$T$23)
     881                      .dwattr $C$DW$T$24, DW_AT_address_class(0x17)
     882              $C$DW$T$42      .dwtag  DW_TAG_typedef, DW_AT_name("va_list")
     883                      .dwattr $C$DW$T$42, DW_AT_type(*$C$DW$T$24)
     884                      .dwattr $C$DW$T$42, DW_AT_language(DW_LANG_C)
     885                      .dwattr $C$DW$T$42, DW_AT_decl_file("C:/Texas Instruments Tools/ccsv4/tools/compiler/C5500 Code Gener
     886                      .dwattr $C$DW$T$42, DW_AT_decl_line(0x0d)
     887                      .dwattr $C$DW$T$42, DW_AT_decl_column(0x0f)
     888              
     889              $C$DW$T$44      .dwtag  DW_TAG_array_type
     890                      .dwattr $C$DW$T$44, DW_AT_type(*$C$DW$T$23)
     891                      .dwattr $C$DW$T$44, DW_AT_language(DW_LANG_C)
     892                      .dwattr $C$DW$T$44, DW_AT_byte_size(0x03)
     893              $C$DW$39        .dwtag  DW_TAG_subrange_type
     894                      .dwattr $C$DW$39, DW_AT_upper_bound(0x02)
     895                      .dwendtag $C$DW$T$44
     896              
     897                      .dwattr $C$DW$CU, DW_AT_language(DW_LANG_C)
     898              
     899              ;***************************************************************
     900              ;* DWARF CIE ENTRIES                                           *
     901              ;***************************************************************
     902              
     903              $C$DW$CIE       .dwcie 91
     904                      .dwcfi  cfa_register, 36
     905                      .dwcfi  cfa_offset, 0
     906                      .dwcfi  undefined, 0
     907                      .dwcfi  undefined, 1
     908                      .dwcfi  undefined, 2
     909                      .dwcfi  undefined, 3
TMS320C55x Assembler PC v4.3.8 Fri Jan 21 01:13:23 2011

Tools Copyright (c) 1996-2010 Texas Instruments Incorporated
rtc.asm                                                              PAGE   19

     910                      .dwcfi  undefined, 4
     911                      .dwcfi  undefined, 5
     912                      .dwcfi  undefined, 6
     913                      .dwcfi  undefined, 7
     914                      .dwcfi  undefined, 8
     915                      .dwcfi  undefined, 9
     916                      .dwcfi  undefined, 10
     917                      .dwcfi  undefined, 11
     918                      .dwcfi  undefined, 12
     919                      .dwcfi  undefined, 13
     920                      .dwcfi  same_value, 14
     921                      .dwcfi  same_value, 15
     922                      .dwcfi  undefined, 16
     923                      .dwcfi  undefined, 17
     924                      .dwcfi  undefined, 18
     925                      .dwcfi  undefined, 19
     926                      .dwcfi  undefined, 20
     927                      .dwcfi  undefined, 21
     928                      .dwcfi  undefined, 22
     929                      .dwcfi  undefined, 23
     930                      .dwcfi  undefined, 24
     931                      .dwcfi  undefined, 25
     932                      .dwcfi  same_value, 26
     933                      .dwcfi  same_value, 27
     934                      .dwcfi  same_value, 28
     935                      .dwcfi  same_value, 29
     936                      .dwcfi  same_value, 30
     937                      .dwcfi  same_value, 31
     938                      .dwcfi  undefined, 32
     939                      .dwcfi  undefined, 33
     940                      .dwcfi  undefined, 34
     941                      .dwcfi  undefined, 35
     942                      .dwcfi  undefined, 36
     943                      .dwcfi  undefined, 37
     944                      .dwcfi  undefined, 38
     945                      .dwcfi  undefined, 39
     946                      .dwcfi  undefined, 40
     947                      .dwcfi  undefined, 41
     948                      .dwcfi  undefined, 42
     949                      .dwcfi  undefined, 43
     950                      .dwcfi  undefined, 44
     951                      .dwcfi  undefined, 45
     952                      .dwcfi  undefined, 46
     953                      .dwcfi  undefined, 47
     954                      .dwcfi  undefined, 48
     955                      .dwcfi  undefined, 49
     956                      .dwcfi  undefined, 50
     957                      .dwcfi  undefined, 51
     958                      .dwcfi  undefined, 52
     959                      .dwcfi  undefined, 53
     960                      .dwcfi  undefined, 54
     961                      .dwcfi  undefined, 55
     962                      .dwcfi  undefined, 56
     963                      .dwcfi  undefined, 57
     964                      .dwcfi  undefined, 58
TMS320C55x Assembler PC v4.3.8 Fri Jan 21 01:13:23 2011

Tools Copyright (c) 1996-2010 Texas Instruments Incorporated
rtc.asm                                                              PAGE   20

     965                      .dwcfi  undefined, 59
     966                      .dwcfi  undefined, 60
     967                      .dwcfi  undefined, 61
     968                      .dwcfi  undefined, 62
     969                      .dwcfi  undefined, 63
     970                      .dwcfi  undefined, 64
     971                      .dwcfi  undefined, 65
     972                      .dwcfi  undefined, 66
     973                      .dwcfi  undefined, 67
     974                      .dwcfi  undefined, 68
     975                      .dwcfi  undefined, 69
     976                      .dwcfi  undefined, 70
     977                      .dwcfi  undefined, 71
     978                      .dwcfi  undefined, 72
     979                      .dwcfi  undefined, 73
     980                      .dwcfi  undefined, 74
     981                      .dwcfi  undefined, 75
     982                      .dwcfi  undefined, 76
     983                      .dwcfi  undefined, 77
     984                      .dwcfi  undefined, 78
     985                      .dwcfi  undefined, 79
     986                      .dwcfi  undefined, 80
     987                      .dwcfi  undefined, 81
     988                      .dwcfi  undefined, 82
     989                      .dwcfi  undefined, 83
     990                      .dwcfi  undefined, 84
     991                      .dwcfi  undefined, 85
     992                      .dwcfi  undefined, 86
     993                      .dwcfi  undefined, 87
     994                      .dwcfi  undefined, 88
     995                      .dwcfi  undefined, 89
     996                      .dwcfi  undefined, 90
     997                      .dwcfi  undefined, 91
     998                      .dwendentry
     999              
    1000              ;***************************************************************
    1001              ;* DWARF REGISTER MAP                                          *
    1002              ;***************************************************************
    1003              
    1004              $C$DW$40        .dwtag  DW_TAG_TI_assign_register, DW_AT_name("AC0")
    1005                      .dwattr $C$DW$40, DW_AT_location[DW_OP_reg0]
    1006              $C$DW$41        .dwtag  DW_TAG_TI_assign_register, DW_AT_name("AC0")
    1007                      .dwattr $C$DW$41, DW_AT_location[DW_OP_reg1]
    1008              $C$DW$42        .dwtag  DW_TAG_TI_assign_register, DW_AT_name("AC0_G")
    1009                      .dwattr $C$DW$42, DW_AT_location[DW_OP_reg2]
    1010              $C$DW$43        .dwtag  DW_TAG_TI_assign_register, DW_AT_name("AC1")
    1011                      .dwattr $C$DW$43, DW_AT_location[DW_OP_reg3]
    1012              $C$DW$44        .dwtag  DW_TAG_TI_assign_register, DW_AT_name("AC1")
    1013                      .dwattr $C$DW$44, DW_AT_location[DW_OP_reg4]
    1014              $C$DW$45        .dwtag  DW_TAG_TI_assign_register, DW_AT_name("AC1_G")
    1015                      .dwattr $C$DW$45, DW_AT_location[DW_OP_reg5]
    1016              $C$DW$46        .dwtag  DW_TAG_TI_assign_register, DW_AT_name("AC2")
    1017                      .dwattr $C$DW$46, DW_AT_location[DW_OP_reg6]
    1018              $C$DW$47        .dwtag  DW_TAG_TI_assign_register, DW_AT_name("AC2")
    1019                      .dwattr $C$DW$47, DW_AT_location[DW_OP_reg7]
TMS320C55x Assembler PC v4.3.8 Fri Jan 21 01:13:23 2011

Tools Copyright (c) 1996-2010 Texas Instruments Incorporated
rtc.asm                                                              PAGE   21

    1020              $C$DW$48        .dwtag  DW_TAG_TI_assign_register, DW_AT_name("AC2_G")
    1021                      .dwattr $C$DW$48, DW_AT_location[DW_OP_reg8]
    1022              $C$DW$49        .dwtag  DW_TAG_TI_assign_register, DW_AT_name("AC3")
    1023                      .dwattr $C$DW$49, DW_AT_location[DW_OP_reg9]
    1024              $C$DW$50        .dwtag  DW_TAG_TI_assign_register, DW_AT_name("AC3")
    1025                      .dwattr $C$DW$50, DW_AT_location[DW_OP_reg10]
    1026              $C$DW$51        .dwtag  DW_TAG_TI_assign_register, DW_AT_name("AC3_G")
    1027                      .dwattr $C$DW$51, DW_AT_location[DW_OP_reg11]
    1028              $C$DW$52        .dwtag  DW_TAG_TI_assign_register, DW_AT_name("T0")
    1029                      .dwattr $C$DW$52, DW_AT_location[DW_OP_reg12]
    1030              $C$DW$53        .dwtag  DW_TAG_TI_assign_register, DW_AT_name("T1")
    1031                      .dwattr $C$DW$53, DW_AT_location[DW_OP_reg13]
    1032              $C$DW$54        .dwtag  DW_TAG_TI_assign_register, DW_AT_name("T2")
    1033                      .dwattr $C$DW$54, DW_AT_location[DW_OP_reg14]
    1034              $C$DW$55        .dwtag  DW_TAG_TI_assign_register, DW_AT_name("T3")
    1035                      .dwattr $C$DW$55, DW_AT_location[DW_OP_reg15]
    1036              $C$DW$56        .dwtag  DW_TAG_TI_assign_register, DW_AT_name("AR0")
    1037                      .dwattr $C$DW$56, DW_AT_location[DW_OP_reg16]
    1038              $C$DW$57        .dwtag  DW_TAG_TI_assign_register, DW_AT_name("XAR0")
    1039                      .dwattr $C$DW$57, DW_AT_location[DW_OP_reg17]
    1040              $C$DW$58        .dwtag  DW_TAG_TI_assign_register, DW_AT_name("AR1")
    1041                      .dwattr $C$DW$58, DW_AT_location[DW_OP_reg18]
    1042              $C$DW$59        .dwtag  DW_TAG_TI_assign_register, DW_AT_name("XAR1")
    1043                      .dwattr $C$DW$59, DW_AT_location[DW_OP_reg19]
    1044              $C$DW$60        .dwtag  DW_TAG_TI_assign_register, DW_AT_name("AR2")
    1045                      .dwattr $C$DW$60, DW_AT_location[DW_OP_reg20]
    1046              $C$DW$61        .dwtag  DW_TAG_TI_assign_register, DW_AT_name("XAR2")
    1047                      .dwattr $C$DW$61, DW_AT_location[DW_OP_reg21]
    1048              $C$DW$62        .dwtag  DW_TAG_TI_assign_register, DW_AT_name("AR3")
    1049                      .dwattr $C$DW$62, DW_AT_location[DW_OP_reg22]
    1050              $C$DW$63        .dwtag  DW_TAG_TI_assign_register, DW_AT_name("XAR3")
    1051                      .dwattr $C$DW$63, DW_AT_location[DW_OP_reg23]
    1052              $C$DW$64        .dwtag  DW_TAG_TI_assign_register, DW_AT_name("AR4")
    1053                      .dwattr $C$DW$64, DW_AT_location[DW_OP_reg24]
    1054              $C$DW$65        .dwtag  DW_TAG_TI_assign_register, DW_AT_name("XAR4")
    1055                      .dwattr $C$DW$65, DW_AT_location[DW_OP_reg25]
    1056              $C$DW$66        .dwtag  DW_TAG_TI_assign_register, DW_AT_name("AR5")
    1057                      .dwattr $C$DW$66, DW_AT_location[DW_OP_reg26]
    1058              $C$DW$67        .dwtag  DW_TAG_TI_assign_register, DW_AT_name("XAR5")
    1059                      .dwattr $C$DW$67, DW_AT_location[DW_OP_reg27]
    1060              $C$DW$68        .dwtag  DW_TAG_TI_assign_register, DW_AT_name("AR6")
    1061                      .dwattr $C$DW$68, DW_AT_location[DW_OP_reg28]
    1062              $C$DW$69        .dwtag  DW_TAG_TI_assign_register, DW_AT_name("XAR6")
    1063                      .dwattr $C$DW$69, DW_AT_location[DW_OP_reg29]
    1064              $C$DW$70        .dwtag  DW_TAG_TI_assign_register, DW_AT_name("AR7")
    1065                      .dwattr $C$DW$70, DW_AT_location[DW_OP_reg30]
    1066              $C$DW$71        .dwtag  DW_TAG_TI_assign_register, DW_AT_name("XAR7")
    1067                      .dwattr $C$DW$71, DW_AT_location[DW_OP_reg31]
    1068              $C$DW$72        .dwtag  DW_TAG_TI_assign_register, DW_AT_name("FP")
    1069                      .dwattr $C$DW$72, DW_AT_location[DW_OP_regx 0x20]
    1070              $C$DW$73        .dwtag  DW_TAG_TI_assign_register, DW_AT_name("XFP")
    1071                      .dwattr $C$DW$73, DW_AT_location[DW_OP_regx 0x21]
    1072              $C$DW$74        .dwtag  DW_TAG_TI_assign_register, DW_AT_name("PC")
    1073                      .dwattr $C$DW$74, DW_AT_location[DW_OP_regx 0x22]
    1074              $C$DW$75        .dwtag  DW_TAG_TI_assign_register, DW_AT_name("SP")
TMS320C55x Assembler PC v4.3.8 Fri Jan 21 01:13:23 2011

Tools Copyright (c) 1996-2010 Texas Instruments Incorporated
rtc.asm                                                              PAGE   22

    1075                      .dwattr $C$DW$75, DW_AT_location[DW_OP_regx 0x23]
    1076              $C$DW$76        .dwtag  DW_TAG_TI_assign_register, DW_AT_name("XSP")
    1077                      .dwattr $C$DW$76, DW_AT_location[DW_OP_regx 0x24]
    1078              $C$DW$77        .dwtag  DW_TAG_TI_assign_register, DW_AT_name("BKC")
    1079                      .dwattr $C$DW$77, DW_AT_location[DW_OP_regx 0x25]
    1080              $C$DW$78        .dwtag  DW_TAG_TI_assign_register, DW_AT_name("BK03")
    1081                      .dwattr $C$DW$78, DW_AT_location[DW_OP_regx 0x26]
    1082              $C$DW$79        .dwtag  DW_TAG_TI_assign_register, DW_AT_name("BK47")
    1083                      .dwattr $C$DW$79, DW_AT_location[DW_OP_regx 0x27]
    1084              $C$DW$80        .dwtag  DW_TAG_TI_assign_register, DW_AT_name("ST0")
    1085                      .dwattr $C$DW$80, DW_AT_location[DW_OP_regx 0x28]
    1086              $C$DW$81        .dwtag  DW_TAG_TI_assign_register, DW_AT_name("ST1")
    1087                      .dwattr $C$DW$81, DW_AT_location[DW_OP_regx 0x29]
    1088              $C$DW$82        .dwtag  DW_TAG_TI_assign_register, DW_AT_name("ST2")
    1089                      .dwattr $C$DW$82, DW_AT_location[DW_OP_regx 0x2a]
    1090              $C$DW$83        .dwtag  DW_TAG_TI_assign_register, DW_AT_name("ST3")
    1091                      .dwattr $C$DW$83, DW_AT_location[DW_OP_regx 0x2b]
    1092              $C$DW$84        .dwtag  DW_TAG_TI_assign_register, DW_AT_name("MDP")
    1093                      .dwattr $C$DW$84, DW_AT_location[DW_OP_regx 0x2c]
    1094              $C$DW$85        .dwtag  DW_TAG_TI_assign_register, DW_AT_name("MDP05")
    1095                      .dwattr $C$DW$85, DW_AT_location[DW_OP_regx 0x2d]
    1096              $C$DW$86        .dwtag  DW_TAG_TI_assign_register, DW_AT_name("MDP67")
    1097                      .dwattr $C$DW$86, DW_AT_location[DW_OP_regx 0x2e]
    1098              $C$DW$87        .dwtag  DW_TAG_TI_assign_register, DW_AT_name("BRC0")
    1099                      .dwattr $C$DW$87, DW_AT_location[DW_OP_regx 0x2f]
    1100              $C$DW$88        .dwtag  DW_TAG_TI_assign_register, DW_AT_name("RSA0")
    1101                      .dwattr $C$DW$88, DW_AT_location[DW_OP_regx 0x30]
    1102              $C$DW$89        .dwtag  DW_TAG_TI_assign_register, DW_AT_name("RSA0_H")
    1103                      .dwattr $C$DW$89, DW_AT_location[DW_OP_regx 0x31]
    1104              $C$DW$90        .dwtag  DW_TAG_TI_assign_register, DW_AT_name("REA0")
    1105                      .dwattr $C$DW$90, DW_AT_location[DW_OP_regx 0x32]
    1106              $C$DW$91        .dwtag  DW_TAG_TI_assign_register, DW_AT_name("REA0_H")
    1107                      .dwattr $C$DW$91, DW_AT_location[DW_OP_regx 0x33]
    1108              $C$DW$92        .dwtag  DW_TAG_TI_assign_register, DW_AT_name("BRS1")
    1109                      .dwattr $C$DW$92, DW_AT_location[DW_OP_regx 0x34]
    1110              $C$DW$93        .dwtag  DW_TAG_TI_assign_register, DW_AT_name("BRC1")
    1111                      .dwattr $C$DW$93, DW_AT_location[DW_OP_regx 0x35]
    1112              $C$DW$94        .dwtag  DW_TAG_TI_assign_register, DW_AT_name("RSA1")
    1113                      .dwattr $C$DW$94, DW_AT_location[DW_OP_regx 0x36]
    1114              $C$DW$95        .dwtag  DW_TAG_TI_assign_register, DW_AT_name("RSA1_H")
    1115                      .dwattr $C$DW$95, DW_AT_location[DW_OP_regx 0x37]
    1116              $C$DW$96        .dwtag  DW_TAG_TI_assign_register, DW_AT_name("REA1")
    1117                      .dwattr $C$DW$96, DW_AT_location[DW_OP_regx 0x38]
    1118              $C$DW$97        .dwtag  DW_TAG_TI_assign_register, DW_AT_name("REA1_H")
    1119                      .dwattr $C$DW$97, DW_AT_location[DW_OP_regx 0x39]
    1120              $C$DW$98        .dwtag  DW_TAG_TI_assign_register, DW_AT_name("CSR")
    1121                      .dwattr $C$DW$98, DW_AT_location[DW_OP_regx 0x3a]
    1122              $C$DW$99        .dwtag  DW_TAG_TI_assign_register, DW_AT_name("RPTC")
    1123                      .dwattr $C$DW$99, DW_AT_location[DW_OP_regx 0x3b]
    1124              $C$DW$100       .dwtag  DW_TAG_TI_assign_register, DW_AT_name("CDP")
    1125                      .dwattr $C$DW$100, DW_AT_location[DW_OP_regx 0x3c]
    1126              $C$DW$101       .dwtag  DW_TAG_TI_assign_register, DW_AT_name("XCDP")
    1127                      .dwattr $C$DW$101, DW_AT_location[DW_OP_regx 0x3d]
    1128              $C$DW$102       .dwtag  DW_TAG_TI_assign_register, DW_AT_name("TRN0")
    1129                      .dwattr $C$DW$102, DW_AT_location[DW_OP_regx 0x3e]
TMS320C55x Assembler PC v4.3.8 Fri Jan 21 01:13:23 2011

Tools Copyright (c) 1996-2010 Texas Instruments Incorporated
rtc.asm                                                              PAGE   23

    1130              $C$DW$103       .dwtag  DW_TAG_TI_assign_register, DW_AT_name("TRN1")
    1131                      .dwattr $C$DW$103, DW_AT_location[DW_OP_regx 0x3f]
    1132              $C$DW$104       .dwtag  DW_TAG_TI_assign_register, DW_AT_name("BSA01")
    1133                      .dwattr $C$DW$104, DW_AT_location[DW_OP_regx 0x40]
    1134              $C$DW$105       .dwtag  DW_TAG_TI_assign_register, DW_AT_name("BSA23")
    1135                      .dwattr $C$DW$105, DW_AT_location[DW_OP_regx 0x41]
    1136              $C$DW$106       .dwtag  DW_TAG_TI_assign_register, DW_AT_name("BSA45")
    1137                      .dwattr $C$DW$106, DW_AT_location[DW_OP_regx 0x42]
    1138              $C$DW$107       .dwtag  DW_TAG_TI_assign_register, DW_AT_name("BSA67")
    1139                      .dwattr $C$DW$107, DW_AT_location[DW_OP_regx 0x43]
    1140              $C$DW$108       .dwtag  DW_TAG_TI_assign_register, DW_AT_name("BSAC")
    1141                      .dwattr $C$DW$108, DW_AT_location[DW_OP_regx 0x44]
    1142              $C$DW$109       .dwtag  DW_TAG_TI_assign_register, DW_AT_name("CARRY")
    1143                      .dwattr $C$DW$109, DW_AT_location[DW_OP_regx 0x45]
    1144              $C$DW$110       .dwtag  DW_TAG_TI_assign_register, DW_AT_name("TC1")
    1145                      .dwattr $C$DW$110, DW_AT_location[DW_OP_regx 0x46]
    1146              $C$DW$111       .dwtag  DW_TAG_TI_assign_register, DW_AT_name("TC2")
    1147                      .dwattr $C$DW$111, DW_AT_location[DW_OP_regx 0x47]
    1148              $C$DW$112       .dwtag  DW_TAG_TI_assign_register, DW_AT_name("M40")
    1149                      .dwattr $C$DW$112, DW_AT_location[DW_OP_regx 0x48]
    1150              $C$DW$113       .dwtag  DW_TAG_TI_assign_register, DW_AT_name("SXMD")
    1151                      .dwattr $C$DW$113, DW_AT_location[DW_OP_regx 0x49]
    1152              $C$DW$114       .dwtag  DW_TAG_TI_assign_register, DW_AT_name("ARMS")
    1153                      .dwattr $C$DW$114, DW_AT_location[DW_OP_regx 0x4a]
    1154              $C$DW$115       .dwtag  DW_TAG_TI_assign_register, DW_AT_name("C54CM")
    1155                      .dwattr $C$DW$115, DW_AT_location[DW_OP_regx 0x4b]
    1156              $C$DW$116       .dwtag  DW_TAG_TI_assign_register, DW_AT_name("SATA")
    1157                      .dwattr $C$DW$116, DW_AT_location[DW_OP_regx 0x4c]
    1158              $C$DW$117       .dwtag  DW_TAG_TI_assign_register, DW_AT_name("SATD")
    1159                      .dwattr $C$DW$117, DW_AT_location[DW_OP_regx 0x4d]
    1160              $C$DW$118       .dwtag  DW_TAG_TI_assign_register, DW_AT_name("RDM")
    1161                      .dwattr $C$DW$118, DW_AT_location[DW_OP_regx 0x4e]
    1162              $C$DW$119       .dwtag  DW_TAG_TI_assign_register, DW_AT_name("FRCT")
    1163                      .dwattr $C$DW$119, DW_AT_location[DW_OP_regx 0x4f]
    1164              $C$DW$120       .dwtag  DW_TAG_TI_assign_register, DW_AT_name("SMUL")
    1165                      .dwattr $C$DW$120, DW_AT_location[DW_OP_regx 0x50]
    1166              $C$DW$121       .dwtag  DW_TAG_TI_assign_register, DW_AT_name("INTM")
    1167                      .dwattr $C$DW$121, DW_AT_location[DW_OP_regx 0x51]
    1168              $C$DW$122       .dwtag  DW_TAG_TI_assign_register, DW_AT_name("AR0LC")
    1169                      .dwattr $C$DW$122, DW_AT_location[DW_OP_regx 0x52]
    1170              $C$DW$123       .dwtag  DW_TAG_TI_assign_register, DW_AT_name("AR1LC")
    1171                      .dwattr $C$DW$123, DW_AT_location[DW_OP_regx 0x53]
    1172              $C$DW$124       .dwtag  DW_TAG_TI_assign_register, DW_AT_name("AR2LC")
    1173                      .dwattr $C$DW$124, DW_AT_location[DW_OP_regx 0x54]
    1174              $C$DW$125       .dwtag  DW_TAG_TI_assign_register, DW_AT_name("AR3LC")
    1175                      .dwattr $C$DW$125, DW_AT_location[DW_OP_regx 0x55]
    1176              $C$DW$126       .dwtag  DW_TAG_TI_assign_register, DW_AT_name("AR4LC")
    1177                      .dwattr $C$DW$126, DW_AT_location[DW_OP_regx 0x56]
    1178              $C$DW$127       .dwtag  DW_TAG_TI_assign_register, DW_AT_name("AR5LC")
    1179                      .dwattr $C$DW$127, DW_AT_location[DW_OP_regx 0x57]
    1180              $C$DW$128       .dwtag  DW_TAG_TI_assign_register, DW_AT_name("AR6LC")
    1181                      .dwattr $C$DW$128, DW_AT_location[DW_OP_regx 0x58]
    1182              $C$DW$129       .dwtag  DW_TAG_TI_assign_register, DW_AT_name("AR7LC")
    1183                      .dwattr $C$DW$129, DW_AT_location[DW_OP_regx 0x59]
    1184              $C$DW$130       .dwtag  DW_TAG_TI_assign_register, DW_AT_name("CDPLC")
TMS320C55x Assembler PC v4.3.8 Fri Jan 21 01:13:23 2011

Tools Copyright (c) 1996-2010 Texas Instruments Incorporated
rtc.asm                                                              PAGE   24

    1185                      .dwattr $C$DW$130, DW_AT_location[DW_OP_regx 0x5a]
    1186              $C$DW$131       .dwtag  DW_TAG_TI_assign_register, DW_AT_name("CIE_RETA")
    1187                      .dwattr $C$DW$131, DW_AT_location[DW_OP_regx 0x5b]
    1188                      .dwendtag $C$DW$CU
    1189              
    1189              
    1189              

No Assembly Errors, No Assembly Warnings
