TMS320C55x Assembler PC v4.3.8 Fri Jan 21 01:13:24 2011

Tools Copyright (c) 1996-2010 Texas Instruments Incorporated
E:/temp/c5515_eZdsp_FreeRTOS_Demo/asm/vector.asm                     PAGE    1

       1              *****************************************************************************
       2              *  Copyright (c) 2005  Texas Instruments, Inc. All Rights Reserved          *
       3              *  This is proprietary information, not to be published -- TI INTERNAL DATA *
       4              *****************************************************************************
       5              
       6                       .mmregs
       7                       .include "lpva200.inc"
       8                       
       9                       
      10                       .C54CM_off
      11                       .CPL_off
      12                       .ARMS_off
      13                 
      14              ;**********************************************************************************
      15              ;        predefined stack operation modes  
      16              ;**********************************************************************************
      17              ;        USE_RETA     : 2x16-bit fast return mode (RETA used)
      18              ;        NO_RETA      : 2x16-bit slow return mode (RETA not used)
      19              ;        C54X_STK     : 32-bit fast return mode 
      20              
      21              ;**********************************************************************************    
      22                       ;.global _DMA_Isr 
      23                       ;.global _SAR_Isr 
      24                       ;.global _I2S0_TX_Isr
      25                       ;.global _I2S1_RX_Isr
      26                       .global _RTC_Isr
      27                               .global _Timer_isr
      28              ;                .global _Timer02_isr
      29                               .global _VECSTART  
      30                               .global _vTickISR
      31                           
      32              ;**********************************************************************************
      33 000000               .sect "vector"
      34                      .align  256         
      35              ;**********************************************************************************
      36              
      37              ;****************************************************************************
      38              ;* Other interrupt vector definitions go here
      39              ;****************************************************************************
      40                      .def    _RST
      41              ; _RST:         .ivec    reset_isr, USE_RETA; Reset / Software Interrupt #0
      42 000000       _VECSTART:
      43 000000 EA    _RST:           .ivec    reset_isr, C54X_STK; Reset / Software Interrupt #0
         000001 0000 
         000003 00%  
      44              
      45 000008 EA    NMI:            .ivec    reset_isr                              ; Nonmaskable Interrupt
         000009 0000 
         00000b 00%  
      46              
      47 000010 EA    INT0:           .ivec    dummy_isr                              ; External User Interrupt #0 
         000011 0000 
         000013 79%  
      48              
      49 000018 EA    INT1:           .ivec    dummy_isr                              ; External User Interrupt #1
TMS320C55x Assembler PC v4.3.8 Fri Jan 21 01:13:24 2011

Tools Copyright (c) 1996-2010 Texas Instruments Incorporated
E:/temp/c5515_eZdsp_FreeRTOS_Demo/asm/vector.asm                     PAGE    2

         000019 0000 
         00001b 79%  
      50              
      51              ; TINT:         .ivec    _Timer_isr                             ; Timer #0 / Software Interrupt #4
      52 000020 EA    TINT:           .ivec    _vTickISR
         000021 0000 
         000023 00%  
      53              ;PROG0:         .ivec    _I2S0_TX_Isr                   ; Programmable 0 Interrupt
      54 000028 EA    PROG0:          .ivec    dummy_isr                      ; Programmable 0 Interrupt
         000029 0000 
         00002b 79%  
      55              
      56 000030 EA    UART:           .ivec    dummy_isr                              ; IIS #1 Receive Interrupt
         000031 0000 
         000033 79%  
      57              
      58 000038 EA    PROG1:          .ivec    dummy_isr                              ; Programmable 1 Interrupt
         000039 0000 
         00003b 79%  
      59              
      60              ;DMA:           .ivec    _DMA_Isr                ; DMA Interrupt
      61 000040 EA    DMA:            .ivec    dummy_isr                ; DMA Interrupt
         000041 0000 
         000043 79%  
      62              
      63 000048 EA    PROG2:          .ivec    dummy_isr                      ; Programmable 2 Interrupt
         000049 0000 
         00004b 79%  
      64              
      65 000050 EA    COPROCFFT:  .ivec    dummy_isr                  ; Coprocessor FFT Module Interrupt
         000051 0000 
         000053 79%  
      66              
      67              ;PROG3:         .ivec    _I2S1_RX_Isr                   ; Programmable 3 Interrupt
      68 000058 EA    PROG3:          .ivec    dummy_isr                      ; Programmable 3 Interrupt
         000059 0000 
         00005b 79%  
      69              
      70 000060 EA    LCD:            .ivec    dummy_isr                              ; LCD Interrupt
         000061 0000 
         000063 79%  
      71              
      72 000068 EA    SARADC:         .ivec    dummy_isr                              ; SAR ADC Interrupt
         000069 0000 
         00006b 79%  
      73              
      74 000070 EA    XMIT2:          .ivec    dummy_isr                  ; I2S2 Tx Interrupt
         000071 0000 
         000073 79%  
      75              
      76 000078 EA    RCV2:           .ivec    dummy_isr                  ; I2S2 Rx Interrupt
         000079 0000 
         00007b 79%  
      77              
      78 000080 EA    XMIT3:          .ivec    dummy_isr                  ; I2S3 Tx Interrupt
TMS320C55x Assembler PC v4.3.8 Fri Jan 21 01:13:24 2011

Tools Copyright (c) 1996-2010 Texas Instruments Incorporated
E:/temp/c5515_eZdsp_FreeRTOS_Demo/asm/vector.asm                     PAGE    3

         000081 0000 
         000083 79%  
      79              
      80 000088 EA    RCV3:           .ivec    dummy_isr                  ; I2S3 Rx Interrupt
         000089 0000 
         00008b 79%  
      81              
      82 000090 EA    RTC:            .ivec    _RTC_Isr                               ; RTC interrupt
         000091 0000 
         000093 00%  
      83              
      84 000098 EA    SPI:            .ivec    dummy_isr                              ; SPI Receive Interrupt
         000099 0000 
         00009b 79%  
      85              
      86 0000a0 EA    USB:            .ivec    dummy_isr                              ; USB Transmit Interrupt
         0000a1 0000 
         0000a3 79%  
      87              
      88 0000a8 EA    GPIO:           .ivec    dummy_isr                              ; GPIO Interrupt
         0000a9 0000 
         0000ab 79%  
      89              
      90 0000b0 EA    EMIF:       .ivec    dummy_isr                      ; EMIF Interrupt
         0000b1 0000 
         0000b3 79%  
      91              
      92 0000b8 EA    I2C:            .ivec    dummy_isr                              ; IIC interrupt
         0000b9 0000 
         0000bb 79%  
      93              
      94 0000c0       BERRIV:
      95 0000c0 EA    IV24:           .ivec    dummy_isr   ; Bus error interrupt
         0000c1 0000 
         0000c3 79%  
      96              
      97              ;    .ref  _DLOGINT_isr 
      98 0000c8       DLOGIV:
      99 0000c8 EA    IV25:           .ivec   dummy_isr  ; Data log (RTDX) interrupt
         0000c9 0000 
         0000cb 79%  
     100              
     101              ;       .ref _RTOSINT_isr
     102 0000d0       RTOSIV:
     103 0000d0 EA    IV26:           .ivec dummy_isr  ; Real-time OS interrupt
         0000d1 0000 
         0000d3 79%  
     104 0000d8 EA    IV27:           .ivec dummy_isr  ; General-purpose software-only interrupt
         0000d9 0000 
         0000db 79%  
     105 0000e0 EA    IV28:           .ivec dummy_isr  ; General-purpose software-only interrupt
         0000e1 0000 
         0000e3 79%  
     106 0000e8 EA    IV29:           .ivec dummy_isr  ; General-purpose software-only interrupt
         0000e9 0000 
TMS320C55x Assembler PC v4.3.8 Fri Jan 21 01:13:24 2011

Tools Copyright (c) 1996-2010 Texas Instruments Incorporated
E:/temp/c5515_eZdsp_FreeRTOS_Demo/asm/vector.asm                     PAGE    4

         0000eb 79%  
     107 0000f0 EA    IV30:           .ivec dummy_isr  ; General-purpose software-only interrupt
         0000f1 0000 
         0000f3 79%  
     108 0000f8 EA    IV31:           .ivec dummy_isr  ; General-purpose software-only interrupt
         0000f9 0000 
         0000fb 79%  
     109              
     110              
     111              ;****************************************************************************
     112              ;* Reset 
     113              ;****************************************************************************
     114              
     115 000000                       .text
     116                              .def reset_isr
     117                              .ref _c_int00
     118                              
     119                      .align 2                
     120 000000       reset_isr:
     121                      ;       *port(#0x1C01) = #0x0                           ; Clear idles
     122 000000 46B3                  bit (ST1, #11) = #1                                     ; Disable interrupts
     123 000002 FB92          @IVPD_L = #(_RST >> 8) || mmap()
         000004 0000%
         000006 98   
     124 000007 FB94          @IVPH_L = #(_RST >> 8) || mmap()
         000009 0000%
         00000b 98   
     125 00000c 4676                   bit(ST3,#7) = #0               ; Clear bus error interrupts
     126 00000e 4626                   bit(ST3,#2) = #0               ; turn on clockout port
     127 000010 46D2                   bit(ST1,#13) = #0              ; shut off XF port
     128              
     129 000012 FB02                  @#IFR0_L = #0xffff || mmap() ; clear all pending interrupts
         000014 FFFF 
         000016 98   
     130 000017 FB8C                  @#IFR1_L = #0xffff || mmap()
         000019 FFFF 
         00001b 98   
     131              
     132 00001c FB51                  *port(#IDLE_ICR) = #(RESERVED_ICR|IPORT_IDLE|HWA_IDLE|DPORT_IDLE)
         00001e FF2E 
         000020 0001 
     133 000022 7A00                  idle
         000024 000C 
     134              
     135              ;**********************************************************************************
     136              ;     Reset all peripherals
     137              ;**********************************************************************************
     138 000026 E651          *port(#0x1C04) = 0x1
         000028 011C 
         00002a 04   
     139 00002b 5E80          nop_16
     140 00002d FB51          *port(#0x1C05) = 0x00FB ; Reset all peripherals
         00002f 00FB 
         000031 1C05 
     141 000033 5E80          nop_16
TMS320C55x Assembler PC v4.3.8 Fri Jan 21 01:13:24 2011

Tools Copyright (c) 1996-2010 Texas Instruments Incorporated
E:/temp/c5515_eZdsp_FreeRTOS_Demo/asm/vector.asm                     PAGE    5

     142              
     143              
     144              ;**********************************************************************************
     145              ;     Enalbe EMIF
     146              ;**********************************************************************************
     147              
     148 000035 E651      *port(IDLE_PCGCR) = #0x0
         000037 001C 
         000039 02   
     149              
     150                  ;/* Config EMIF - System Control Regsiter */
     151 00003a E651      *port(#0x1C33) = #0x0  
         00003c 001C 
         00003e 33   
     152              
     153                  ;// for SRAM in memory card (Async_CE1)
     154                  ;/* Config EMIF - ASYNC Regsiters */
     155 00003f FB51      *port(#0x1004) = #0x0080     
         000041 0080 
         000043 1004 
     156 000045 FB51      *port(#0x1005) = #0x00E4     
         000047 00E4 
         000049 1005 
     157              
     158                      ;/* Configure as 16-bit data bus */    
     159                  ;// Async4 ==> Async_CE1 (SRAM)     
     160 00004b FB51      *port(#0x101C) = #0x40AD     
         00004d 40AD 
         00004f 101C 
     161 000051 E651      *port(#0x101D) = #0x0020     
         000053 2010 
         000055 1D   
     162              
     163                  ;// Async3 ==> Async_CE0(Flash)
     164 000056 FB51      *port(#0x1018) = #0xFFFD     
         000058 FFFD 
         00005a 1018 
     165 00005c FB51      *port(#0x1019) = #0x3FFF     
         00005e 3FFF 
         000060 1019 
     166              
     167              
     168                  ;// do not assign Async_CE0 and Async_CE1 for NAND
     169 000062 E651      *port(#0x1060) = #0x0003     
         000064 0310 
         000066 60   
     170                  
     171                  ;// Turn off page mode for all Chip Selects
     172 000067 FB51      *port(#0x1068) = #0xFCFC     
         000069 FCFC 
         00006b 1068 
     173 00006d FB51      *port(#0x1069) = #0xFCFC     
         00006f FCFC 
         000071 1069 
     174              
TMS320C55x Assembler PC v4.3.8 Fri Jan 21 01:13:24 2011

Tools Copyright (c) 1996-2010 Texas Instruments Incorporated
E:/temp/c5515_eZdsp_FreeRTOS_Demo/asm/vector.asm                     PAGE    6

     175 000073 6A00          goto    _c_int00
         000075 0000!
     176                              
     177              ********************************************************************************
     178              ** Name     : no_isr                                                          **
     179              **                                                                            **
     180              ** Purpose  : Spurious interrupt handler                                      **
     181              **                                                                            **
     182              ** Author   :                                                                 **
     183              **                                                                            **
     184              ********************************************************************************
     185 000077                    .text   
     186 000077 4A7E  no_isr:      goto no_isr 
     187              
     188              
     189 000079       dummy_isr:
     190 000079 4805      return_int
     191               
     192                  
     193                  .end

No Assembly Errors, No Assembly Warnings
